#
# A fatal error has been detected by the Java Runtime Environment:
#
#  EXCEPTION_ACCESS_VIOLATION (0xc0000005) at pc=0x0000000052bc12a7, pid=7272, tid=0x00000000000016b8
#
# JRE version: Java(TM) SE Runtime Environment (8.0_111-b14) (build 1.8.0_111-b14)
# Java VM: Java HotSpot(TM) 64-Bit Server VM (25.111-b14 mixed mode windows-amd64 compressed oops)
# Problematic frame:
# C  [nvoglv64.DLL+0xb812a7]
#
# Failed to write core dump. Minidumps are not enabled by default on client versions of Windows
#
# If you would like to submit a bug report, please visit:
#   http://bugreport.java.com/bugreport/crash.jsp
# The crash happened outside the Java Virtual Machine in native code.
# See problematic frame for where to report the bug.
#

---------------  T H R E A D  ---------------

Current thread (0x000000000208b800):  JavaThread "main" [_thread_in_native, id=5816, stack(0x0000000002510000,0x0000000002610000)]

siginfo: ExceptionCode=0xc0000005, reading address 0x0000000000000000

Registers:
RAX=0x0000000000000005, RBX=0x0000000000000000, RCX=0x000000000000000a, RDX=0x000000f200000000
RSP=0x000000000260f040, RBP=0x000000001c3e0080, RSI=0x0000000000000006, RDI=0x0000000000000006
R8 =0x000000000000077f, R9 =0x0000000000000000, R10=0x0000000000000007, R11=0x0000000054c1b580
R12=0x0000000000000000, R13=0x0000000000000005, R14=0x0000000000000000, R15=0x0000000000001405
RIP=0x0000000052bc12a7, EFLAGS=0x0000000000010246

Top of Stack: (sp=0x000000000260f040)
0x000000000260f040:   0000000000000004 0000000000000000
0x000000000260f050:   0000000000000000 000000000208b800
0x000000000260f060:   0000000000000000 000000000260f240
0x000000000260f070:   0000000000000000 0000000000000000
0x000000000260f080:   000000000260f100 0000000000000000
0x000000000260f090:   000000001c3e1a48 000007fecf00e950
0x000000000260f0a0:   0000000000001405 000000000208b800
0x000000000260f0b0:   0000000000000000 0000000000000004
0x000000000260f0c0:   000000001c3e0080 000000000260f200
0x000000000260f0d0:   0000000000000000 0000000052880e36
0x000000000260f0e0:   000000000208a410 0000000000000004
0x000000000260f0f0:   0000000000000006 000000000208bfd0
0x000000000260f100:   0000000000000006 0000000000000018
0x000000000260f110:   0000000000000000 0000000000000000
0x000000000260f120:   00000000171ec800 000000000208b800
0x000000000260f130:   0000000002a4835d 0000000002a57e06 

Instructions: (pc=0x0000000052bc12a7)
0x0000000052bc1287:   89 6c 24 60 e8 f0 75 e9 ff 41 81 ff 05 14 00 00
0x0000000052bc1297:   75 20 48 8b 9c 24 d0 00 00 00 8d 47 ff 4c 63 e8
0x0000000052bc12a7:   8b 0b 42 8b 04 ab 3b c8 8b f0 0f 47 f1 0f 42 c1
0x0000000052bc12b7:   eb 6e 41 81 ff 03 14 00 00 75 2c 48 8b 9c 24 d0 


Register to memory mapping:

RAX=0x0000000000000005 is an unknown value
RBX=0x0000000000000000 is an unknown value
RCX=0x000000000000000a is an unknown value
RDX=0x000000f200000000 is an unknown value
RSP=0x000000000260f040 is pointing into the stack for thread: 0x000000000208b800
RBP=0x000000001c3e0080 is an unknown value
RSI=0x0000000000000006 is an unknown value
RDI=0x0000000000000006 is an unknown value
R8 =0x000000000000077f is an unknown value
R9 =0x0000000000000000 is an unknown value
R10=0x0000000000000007 is an unknown value
R11=0x0000000054c1b580 is an unknown value
R12=0x0000000000000000 is an unknown value
R13=0x0000000000000005 is an unknown value
R14=0x0000000000000000 is an unknown value
R15=0x0000000000001405 is an unknown value


Stack: [0x0000000002510000,0x0000000002610000],  sp=0x000000000260f040,  free space=1020k
Native frames: (J=compiled Java code, j=interpreted, Vv=VM code, C=native code)
C  [nvoglv64.DLL+0xb812a7]
C  [nvoglv64.DLL+0x840e36]
C  0x0000000002a57f74

Java frames: (J=compiled Java code, j=interpreted, Vv=VM code)
j  org.lwjgl.opengl.GL11.nglDrawElements(IIIJ)V+0
j  org.lwjgl.opengl.GL11.glDrawElements(IIIJ)V+4
j  engine.Mesh.render()V+16
j  HelloWorld.loop()V+320
j  HelloWorld.run()V+37
j  HelloWorld.main([Ljava/lang/String;)V+7
v  ~StubRoutines::call_stub

---------------  P R O C E S S  ---------------

Java Threads: ( => current thread )
  0x0000000018e87800 JavaThread "Service Thread" daemon [_thread_blocked, id=7772, stack(0x00000000196e0000,0x00000000197e0000)]
  0x0000000018e60000 JavaThread "C1 CompilerThread2" daemon [_thread_blocked, id=7428, stack(0x0000000019840000,0x0000000019940000)]
  0x0000000018e03000 JavaThread "C2 CompilerThread1" daemon [_thread_blocked, id=6408, stack(0x0000000018f40000,0x0000000019040000)]
  0x0000000018df8000 JavaThread "C2 CompilerThread0" daemon [_thread_blocked, id=7884, stack(0x0000000019570000,0x0000000019670000)]
  0x0000000018da5800 JavaThread "Monitor Ctrl-Break" daemon [_thread_in_native, id=4904, stack(0x00000000193c0000,0x00000000194c0000)]
  0x0000000018b34000 JavaThread "Attach Listener" daemon [_thread_blocked, id=7900, stack(0x0000000019230000,0x0000000019330000)]
  0x00000000175e6800 JavaThread "Signal Dispatcher" daemon [_thread_blocked, id=5736, stack(0x00000000190c0000,0x00000000191c0000)]
  0x00000000175cd800 JavaThread "Finalizer" daemon [_thread_blocked, id=3676, stack(0x0000000018a30000,0x0000000018b30000)]
  0x0000000017586800 JavaThread "Reference Handler" daemon [_thread_blocked, id=5688, stack(0x0000000018760000,0x0000000018860000)]
=>0x000000000208b800 JavaThread "main" [_thread_in_native, id=5816, stack(0x0000000002510000,0x0000000002610000)]

Other Threads:
  0x000000001757f000 VMThread [stack: 0x0000000018640000,0x0000000018740000] [id=5692]
  0x0000000018ed5800 WatcherThread [stack: 0x0000000019b20000,0x0000000019c20000] [id=5388]

VM state:not at safepoint (normal execution)

VM Mutex/Monitor currently owned by a thread: None

Heap:
 PSYoungGen      total 38400K, used 21271K [0x00000000d5d80000, 0x00000000d8800000, 0x0000000100000000)
  eden space 33280K, 63% used [0x00000000d5d80000,0x00000000d7245c30,0x00000000d7e00000)
  from space 5120K, 0% used [0x00000000d8300000,0x00000000d8300000,0x00000000d8800000)
  to   space 5120K, 0% used [0x00000000d7e00000,0x00000000d7e00000,0x00000000d8300000)
 ParOldGen       total 87552K, used 0K [0x0000000081800000, 0x0000000086d80000, 0x00000000d5d80000)
  object space 87552K, 0% used [0x0000000081800000,0x0000000081800000,0x0000000086d80000)
 Metaspace       used 9277K, capacity 9499K, committed 9728K, reserved 1058816K
  class space    used 843K, capacity 942K, committed 1024K, reserved 1048576K

Card table byte_map: [0x0000000011e00000,0x0000000012200000] byte_map_base: 0x00000000119f4000

Marking Bits: (ParMarkBitMap*) 0x000000005520a6c0
 Begin Bits: [0x00000000128b0000, 0x0000000014850000)
 End Bits:   [0x0000000014850000, 0x00000000167f0000)

Polling page: 0x0000000001b60000

CodeCache: size=245760Kb used=2835Kb max_used=2835Kb free=242924Kb
 bounds [0x0000000002a40000, 0x0000000002d10000, 0x0000000011a40000]
 total_blobs=1475 nmethods=637 adapters=751
 compilation: enabled

Compilation events (10 events):
Event: 1.293 Thread 0x0000000018e60000  633       3       java.util.zip.ZipEntry::<init> (146 bytes)
Event: 1.293 Thread 0x0000000018e60000 nmethod 633 0x0000000002d03750 code [0x0000000002d038e0, 0x0000000002d03d08]
Event: 1.294 Thread 0x0000000018e60000  634       3       sun.misc.URLClassPath$JarLoader$2::getCodeSourceURL (8 bytes)
Event: 1.294 Thread 0x0000000018e60000 nmethod 634 0x0000000002d03e90 code [0x0000000002d03fe0, 0x0000000002d04150]
Event: 1.294 Thread 0x0000000018e60000  635       3       sun.misc.URLClassPath$JarLoader$2::getManifest (11 bytes)
Event: 1.294 Thread 0x0000000018e60000 nmethod 635 0x0000000002d04210 code [0x0000000002d04380, 0x0000000002d045a8]
Event: 1.294 Thread 0x0000000018e60000  636       3       sun.misc.URLClassPath$JarLoader$2::getInputStream (15 bytes)
Event: 1.294 Thread 0x0000000018e60000 nmethod 636 0x0000000002d04690 code [0x0000000002d04800, 0x0000000002d04a28]
Event: 1.296 Thread 0x0000000018e60000  637       3       java.lang.ReflectiveOperationException::<init> (7 bytes)
Event: 1.296 Thread 0x0000000018e60000 nmethod 637 0x0000000002d05510 code [0x0000000002d05680, 0x0000000002d05868]

GC Heap History (0 events):
No events

Deoptimization events (0 events):
No events

Internal exceptions (10 events):
Event: 0.300 Thread 0x000000000208b800 Exception <a 'java/io/FileNotFoundException'> (0x00000000d60775a0) thrown at [C:\re\workspace\8-2-build-windows-amd64-cygwin\jdk8u111\7883\hotspot\src\share\vm\prims\jni.cpp, line 709]
Event: 0.338 Thread 0x000000000208b800 Exception <a 'java/lang/NoSuchMethodError': java.lang.Object.lambda$static$0(Ljava/lang/String;)Ljava/lang/Boolean;> (0x00000000d62c6878) thrown at [C:\re\workspace\8-2-build-windows-amd64-cygwin\jdk8u111\7883\hotspot\src\share\vm\interpreter\linkResolver
Event: 0.352 Thread 0x000000000208b800 Exception <a 'java/lang/NoSuchFieldError': method resolution failed> (0x00000000d6348c60) thrown at [C:\re\workspace\8-2-build-windows-amd64-cygwin\jdk8u111\7883\hotspot\src\share\vm\prims\methodHandles.cpp, line 1146]
Event: 0.354 Thread 0x000000000208b800 Exception <a 'java/lang/NoSuchFieldError': method resolution failed> (0x00000000d6356850) thrown at [C:\re\workspace\8-2-build-windows-amd64-cygwin\jdk8u111\7883\hotspot\src\share\vm\prims\methodHandles.cpp, line 1146]
Event: 0.395 Thread 0x000000000208b800 Exception <a 'java/security/PrivilegedActionException'> (0x00000000d6409c08) thrown at [C:\re\workspace\8-2-build-windows-amd64-cygwin\jdk8u111\7883\hotspot\src\share\vm\prims\jvm.cpp, line 1386]
Event: 0.395 Thread 0x000000000208b800 Exception <a 'java/security/PrivilegedActionException'> (0x00000000d6409e18) thrown at [C:\re\workspace\8-2-build-windows-amd64-cygwin\jdk8u111\7883\hotspot\src\share\vm\prims\jvm.cpp, line 1386]
Event: 0.396 Thread 0x000000000208b800 Exception <a 'java/security/PrivilegedActionException'> (0x00000000d640dd00) thrown at [C:\re\workspace\8-2-build-windows-amd64-cygwin\jdk8u111\7883\hotspot\src\share\vm\prims\jvm.cpp, line 1386]
Event: 0.396 Thread 0x000000000208b800 Exception <a 'java/security/PrivilegedActionException'> (0x00000000d640df10) thrown at [C:\re\workspace\8-2-build-windows-amd64-cygwin\jdk8u111\7883\hotspot\src\share\vm\prims\jvm.cpp, line 1386]
Event: 1.088 Thread 0x000000000208b800 Exception <a 'sun/nio/fs/WindowsException'> (0x00000000d6807ad8) thrown at [C:\re\workspace\8-2-build-windows-amd64-cygwin\jdk8u111\7883\hotspot\src\share\vm\prims\jni.cpp, line 709]
Event: 1.088 Thread 0x000000000208b800 Exception <a 'sun/nio/fs/WindowsException'> (0x00000000d6809500) thrown at [C:\re\workspace\8-2-build-windows-amd64-cygwin\jdk8u111\7883\hotspot\src\share\vm\prims\jni.cpp, line 709]

Events (10 events):
Event: 1.296 loading class org/joml/Vector2f
Event: 1.296 loading class org/joml/Vector2f done
Event: 1.300 loading class org/joml/Vector2fc
Event: 1.300 loading class org/joml/Vector2fc done
Event: 1.301 loading class engine/Mesh
Event: 1.301 loading class engine/Mesh done
Event: 1.317 loading class engine/Model
Event: 1.317 loading class engine/Model done
Event: 1.318 loading class engine/Utils
Event: 1.318 loading class engine/Utils done


Dynamic libraries:
0x000000013f420000 - 0x000000013f457000 	C:\Program Files\Java\jdk1.8.0_111\bin\java.exe
0x0000000077af0000 - 0x0000000077c9a000 	C:\Windows\SYSTEM32\ntdll.dll
0x00000000778d0000 - 0x00000000779ef000 	C:\Windows\system32\kernel32.dll
0x000007fefd920000 - 0x000007fefd98a000 	C:\Windows\system32\KERNELBASE.dll
0x000007fefdca0000 - 0x000007fefdd7b000 	C:\Windows\system32\ADVAPI32.dll
0x000007fefe260000 - 0x000007fefe2ff000 	C:\Windows\system32\msvcrt.dll
0x000007feff5d0000 - 0x000007feff5ef000 	C:\Windows\SYSTEM32\sechost.dll
0x000007feffcd0000 - 0x000007feffdfd000 	C:\Windows\system32\RPCRT4.dll
0x00000000779f0000 - 0x0000000077aea000 	C:\Windows\system32\USER32.dll
0x000007feff5f0000 - 0x000007feff657000 	C:\Windows\system32\GDI32.dll
0x000007fefdba0000 - 0x000007fefdbae000 	C:\Windows\system32\LPK.dll
0x000007fefdea0000 - 0x000007fefdf6b000 	C:\Windows\system32\USP10.dll
0x000007fefd030000 - 0x000007fefd224000 	C:\Windows\WinSxS\amd64_microsoft.windows.common-controls_6595b64144ccf1df_6.0.7601.18837_none_fa3b1e3d17594757\COMCTL32.dll
0x000007fefde20000 - 0x000007fefde91000 	C:\Windows\system32\SHLWAPI.dll
0x000007feff990000 - 0x000007feff9be000 	C:\Windows\system32\IMM32.DLL
0x000007feff9c0000 - 0x000007feffac9000 	C:\Windows\system32\MSCTF.dll
0x0000000069490000 - 0x0000000069562000 	C:\Program Files\Java\jdk1.8.0_111\jre\bin\msvcr100.dll
0x00000000549f0000 - 0x000000005528a000 	C:\Program Files\Java\jdk1.8.0_111\jre\bin\server\jvm.dll
0x000007fefaa40000 - 0x000007fefaa49000 	C:\Windows\system32\WSOCK32.dll
0x000007fefe4e0000 - 0x000007fefe52d000 	C:\Windows\system32\WS2_32.dll
0x000007fefdbb0000 - 0x000007fefdbb8000 	C:\Windows\system32\NSI.dll
0x000007fefb190000 - 0x000007fefb1cb000 	C:\Windows\system32\WINMM.dll
0x000007fefc1e0000 - 0x000007fefc1ec000 	C:\Windows\system32\VERSION.dll
0x0000000077cc0000 - 0x0000000077cc7000 	C:\Windows\system32\PSAPI.DLL
0x000000006fb40000 - 0x000000006fb4f000 	C:\Program Files\Java\jdk1.8.0_111\jre\bin\verify.dll
0x000000006e740000 - 0x000000006e769000 	C:\Program Files\Java\jdk1.8.0_111\jre\bin\java.dll
0x000000006e6f0000 - 0x000000006e713000 	C:\Program Files\Java\jdk1.8.0_111\jre\bin\instrument.dll
0x000000006e720000 - 0x000000006e736000 	C:\Program Files\Java\jdk1.8.0_111\jre\bin\zip.dll
0x000007fefe840000 - 0x000007feff5ca000 	C:\Windows\system32\SHELL32.dll
0x000007feffad0000 - 0x000007feffccc000 	C:\Windows\system32\ole32.dll
0x000007fefd7f0000 - 0x000007fefd7ff000 	C:\Windows\system32\profapi.dll
0x000007fed5040000 - 0x000007fed505a000 	C:\Program Files\JetBrains\IntelliJ IDEA Community Edition 2017.2.1\bin\breakgen64.dll
0x0000000067090000 - 0x00000000670aa000 	C:\Program Files\Java\jdk1.8.0_111\jre\bin\net.dll
0x000007fefccb0000 - 0x000007fefcd05000 	C:\Windows\system32\mswsock.dll
0x000007fefcca0000 - 0x000007fefcca7000 	C:\Windows\System32\wship6.dll
0x00000000668d0000 - 0x00000000668e1000 	C:\Program Files\Java\jdk1.8.0_111\jre\bin\nio.dll
0x000007fecf120000 - 0x000007fecf177000 	C:\Users\mihalke\AppData\Local\Temp\lwjglmihalke\3.1.2-build-29\lwjgl.dll
0x000007fefc3a0000 - 0x000007fefc3a3000 	C:\Windows\system32\api-ms-win-core-synch-l1-2-0.DLL
0x000007fecf0e0000 - 0x000007fecf11c000 	C:\Users\mihalke\AppData\Local\Temp\lwjglmihalke\3.1.2-build-29\jemalloc.dll
0x000007fecf0a0000 - 0x000007fecf0dd000 	C:\Users\mihalke\AppData\Local\Temp\lwjglmihalke\3.1.2-build-29\glfw.dll
0x000007fefbb70000 - 0x000007fefbbc6000 	C:\Windows\system32\uxtheme.dll
0x000007fecf060000 - 0x000007fecf09c000 	C:\Windows\system32\dinput8.dll
0x0000000001c00000 - 0x0000000001c1e000 	C:\Windows\system32\xinput1_3.dll
0x000007fefe300000 - 0x000007fefe4d7000 	C:\Windows\system32\SETUPAPI.dll
0x000007fefd810000 - 0x000007fefd846000 	C:\Windows\system32\CFGMGR32.dll
0x000007fefe530000 - 0x000007fefe60a000 	C:\Windows\system32\OLEAUT32.dll
0x000007fefdb60000 - 0x000007fefdb7a000 	C:\Windows\system32\DEVOBJ.dll
0x000007fefb500000 - 0x000007fefb518000 	C:\Windows\system32\dwmapi.dll
0x000007fefb520000 - 0x000007fefb52b000 	C:\Windows\system32\HID.DLL
0x000007fefd990000 - 0x000007fefd9cb000 	C:\Windows\system32\WINTRUST.dll
0x000007fefd9e0000 - 0x000007fefdb4d000 	C:\Windows\system32\CRYPT32.dll
0x000007fefd7e0000 - 0x000007fefd7ef000 	C:\Windows\system32\MSASN1.dll
0x000007fed0480000 - 0x000007fed059d000 	C:\Windows\system32\opengl32.dll
0x000007fed53f0000 - 0x000007fed541d000 	C:\Windows\system32\GLU32.dll
0x000007fed0380000 - 0x000007fed0471000 	C:\Windows\system32\DDRAW.dll
0x000007fed53e0000 - 0x000007fed53e8000 	C:\Windows\system32\DCIMAN32.dll
0x0000000052040000 - 0x0000000054318000 	C:\Windows\system32\nvoglv64.DLL
0x000007fefc520000 - 0x000007fefc531000 	C:\Windows\system32\WTSAPI32.dll
0x000007fefc1f0000 - 0x000007fefc21d000 	C:\Windows\system32\ntmarta.dll
0x000007fefdc40000 - 0x000007fefdc92000 	C:\Windows\system32\WLDAP32.dll
0x000007fef6740000 - 0x000007fef690c000 	C:\Windows\system32\nvspcap64.dll
0x000007fef8b20000 - 0x000007fef8b91000 	C:\Windows\system32\WINHTTP.dll
0x000007fef8aa0000 - 0x000007fef8b05000 	C:\Windows\system32\webio.dll
0x000007fef9b20000 - 0x000007fef9f62000 	C:\Windows\system32\nvapi64.dll
0x000007fefd680000 - 0x000007fefd68f000 	C:\Windows\system32\CRYPTBASE.dll
0x000007fefe610000 - 0x000007fefe6a9000 	C:\Windows\system32\CLBCatQ.DLL
0x000007fefcd10000 - 0x000007fefcd28000 	C:\Windows\system32\CRYPTSP.dll
0x000007fefca10000 - 0x000007fefca57000 	C:\Windows\system32\rsaenh.dll
0x000007fefd730000 - 0x000007fefd744000 	C:\Windows\system32\RpcRtRemote.dll
0x000007fefd690000 - 0x000007fefd721000 	C:\Windows\system32\SXS.DLL
0x000007fefc6a0000 - 0x000007fefc6dd000 	C:\Windows\system32\WINSTA.dll
0x000007fecf000000 - 0x000007fecf05c000 	C:\Users\mihalke\AppData\Local\Temp\lwjglmihalke\3.1.2-build-29\lwjgl_opengl.dll
0x000007fef8f60000 - 0x000007fef9085000 	C:\Windows\system32\dbghelp.dll

VM Arguments:
jvm_args: -javaagent:C:\Program Files\JetBrains\IntelliJ IDEA Community Edition 2017.2.1\lib\idea_rt.jar=49425:C:\Program Files\JetBrains\IntelliJ IDEA Community Edition 2017.2.1\bin -Dfile.encoding=UTF-8 
java_command: HelloWorld
java_class_path (initial): C:\Program Files\Java\jdk1.8.0_111\jre\lib\charsets.jar;C:\Program Files\Java\jdk1.8.0_111\jre\lib\deploy.jar;C:\Program Files\Java\jdk1.8.0_111\jre\lib\ext\access-bridge-64.jar;C:\Program Files\Java\jdk1.8.0_111\jre\lib\ext\cldrdata.jar;C:\Program Files\Java\jdk1.8.0_111\jre\lib\ext\dnsns.jar;C:\Program Files\Java\jdk1.8.0_111\jre\lib\ext\jaccess.jar;C:\Program Files\Java\jdk1.8.0_111\jre\lib\ext\jfxrt.jar;C:\Program Files\Java\jdk1.8.0_111\jre\lib\ext\localedata.jar;C:\Program Files\Java\jdk1.8.0_111\jre\lib\ext\nashorn.jar;C:\Program Files\Java\jdk1.8.0_111\jre\lib\ext\sunec.jar;C:\Program Files\Java\jdk1.8.0_111\jre\lib\ext\sunjce_provider.jar;C:\Program Files\Java\jdk1.8.0_111\jre\lib\ext\sunmscapi.jar;C:\Program Files\Java\jdk1.8.0_111\jre\lib\ext\sunpkcs11.jar;C:\Program Files\Java\jdk1.8.0_111\jre\lib\ext\zipfs.jar;C:\Program Files\Java\jdk1.8.0_111\jre\lib\javaws.jar;C:\Program Files\Java\jdk1.8.0_111\jre\lib\jce.jar;C:\Program Files\Java\jdk1.8.0_111\jre\lib\jfr.jar;C:\Program Files\Java\jdk1.8.0_111\jre\lib\jfxswt.jar;C:\Program Files\Java\jdk1.8.0_111\jre\lib\jsse.jar;C:\Program Files\Java\jdk1.8.0_111\jre\lib\management-agent.jar;C:\Program Files\Java\jdk1.8.0_111\jre\lib\plugin.jar;C:\Program Files\Java\jdk1.8.0_111\jre\lib\resources.jar;C:\Program Files\Java\jdk1.8.0_111\jre\lib\rt.jar;C:\Users\mihalke\IdeaProjects\HelloWorld\out\production\HelloWorld;C:\Users\mihalke\IdeaProjects\HelloWorld\libs\lwjgl.jar;C:\Users\mihalke\IdeaProjects\HelloWorld\libs\lwjgl-egl.jar;C:\Users\mihalke\IdeaProjects\HelloWorld\libs\lwjgl-nfd.jar;C:\Users\mihalke\IdeaProjects\HelloWorld\libs\lwjgl-ovr.jar;C:\Users\mihalke\IdeaProjects\HelloWorld\libs\lwjgl-par.jar;C:\Users\mihalke\IdeaProjects\HelloWorld\libs\lwjgl-sse.jar;C:\Users\mihalke\IdeaProjects\HelloWorld\libs\lwjgl-stb.jar;C:\Users\mihalke\IdeaProjects\HelloWorld\libs\joml-1.9.6.jar;C:\Users\mihalke\IdeaProjects\HelloWorld\libs\lwjgl-bgfx.jar;C:\Users\mihalke\IdeaProjects\HelloWorld\lib
Launcher Type: SUN_STANDARD

Environment Variables:
PATH=C:\ProgramData\Oracle\Java\javapath;C:\Program Files (x86)\Intel\iCLS Client\;C:\Program Files\Intel\iCLS Client\;C:\Windows\system32;C:\Windows;C:\Windows\System32\Wbem;C:\Windows\System32\WindowsPowerShell\v1.0\;C:\Program Files\Intel\Intel(R) Management Engine Components\DAL;C:\Program Files\Intel\Intel(R) Management Engine Components\IPT;C:\Program Files (x86)\Intel\Intel(R) Management Engine Components\DAL;C:\Program Files (x86)\Intel\Intel(R) Management Engine Components\IPT;C:\Program Files (x86)\NVIDIA Corporation\PhysX\Common;C:\Program Files (x86)\GtkSharp\2.12\bin;C:\Program Files\nodejs\;C:\Program Files\WorldPainter;;c:\windows\system32
USERNAME=mihalke
OS=Windows_NT
PROCESSOR_IDENTIFIER=Intel64 Family 6 Model 60 Stepping 3, GenuineIntel



---------------  S Y S T E M  ---------------

OS: Windows 7 , 64 bit Build 7601 (6.1.7601.23915)

CPU:total 4 (4 cores per cpu, 1 threads per core) family 6 model 60 stepping 3, cmov, cx8, fxsr, mmx, sse, sse2, sse3, ssse3, sse4.1, sse4.2, popcnt, avx, avx2, aes, clmul, erms, rtm, lzcnt, tsc, tscinvbit, bmi1, bmi2

Memory: 4k page, physical 8286244k(3658276k free), swap 16570628k(11645072k free)

vm_info: Java HotSpot(TM) 64-Bit Server VM (25.111-b14) for windows-amd64 JRE (1.8.0_111-b14), built on Sep 22 2016 19:24:05 by "java_re" with MS VC++ 10.0 (VS2010)

time: Thu Dec 21 17:03:05 2017
elapsed time: 1 seconds (0d 0h 0m 1s)

