#
# A fatal error has been detected by the Java Runtime Environment:
#
#  EXCEPTION_ACCESS_VIOLATION (0xc0000005) at pc=0x0000000069bb11c7, pid=8024, tid=0x00000000000004f0
#
# JRE version: Java(TM) SE Runtime Environment (8.0_111-b14) (build 1.8.0_111-b14)
# Java VM: Java HotSpot(TM) 64-Bit Server VM (25.111-b14 mixed mode windows-amd64 compressed oops)
# Problematic frame:
# C  [nvoglv64.DLL+0xb811c7]
#
# Failed to write core dump. Minidumps are not enabled by default on client versions of Windows
#
# If you would like to submit a bug report, please visit:
#   http://bugreport.java.com/bugreport/crash.jsp
# The crash happened outside the Java Virtual Machine in native code.
# See problematic frame for where to report the bug.
#

---------------  T H R E A D  ---------------

Current thread (0x000000000211b800):  JavaThread "main" [_thread_in_native, id=1264, stack(0x0000000002350000,0x0000000002450000)]

siginfo: ExceptionCode=0xc0000005, reading address 0x0000000000000000

Registers:
RAX=0x0000000000000005, RBX=0x0000000000000000, RCX=0x000000000000000a, RDX=0x0000eed700000000
RSP=0x000000000244f360, RBP=0x000000005c0c0080, RSI=0x0000000000000006, RDI=0x0000000000000006
R8 =0x0000000000000cc4, R9 =0x0000000000000000, R10=0x0000000000000007, R11=0x000000006fdfb580
R12=0x0000000000000000, R13=0x0000000000000005, R14=0x0000000000000000, R15=0x0000000000001405
RIP=0x0000000069bb11c7, EFLAGS=0x0000000000010246

Top of Stack: (sp=0x000000000244f360)
0x000000000244f360:   0000000000000004 0000000000000000
0x000000000244f370:   0000000000000000 000000000211b800
0x000000000244f380:   0000000000000000 000000000244f560
0x000000000244f390:   0000000000000000 0000000000000000
0x000000000244f3a0:   000000000244f400 0000000000000000
0x000000000244f3b0:   000000005c0c1a48 000007fede93e950
0x000000000244f3c0:   0000000000001405 000000000211b800
0x000000000244f3d0:   0000000000000000 0000000000000004
0x000000000244f3e0:   000000005c0c0080 000000000244f520
0x000000000244f3f0:   0000000000000000 0000000069870b36
0x000000000244f400:   000000000211a590 0000000000000004
0x000000000244f410:   0000000000000006 000000000211c140
0x000000000244f420:   0000000000000006 0000000000000018
0x000000000244f430:   0000000000000000 0000000000000000
0x000000000244f440:   00000000573ec800 000000000211b800
0x000000000244f450:   00000000028e8331 00000000028f7de6 

Instructions: (pc=0x0000000069bb11c7)
0x0000000069bb11a7:   89 6c 24 60 e8 e0 75 e9 ff 41 81 ff 05 14 00 00
0x0000000069bb11b7:   75 20 48 8b 9c 24 d0 00 00 00 8d 47 ff 4c 63 e8
0x0000000069bb11c7:   8b 0b 42 8b 04 ab 3b c8 8b f0 0f 47 f1 0f 42 c1
0x0000000069bb11d7:   eb 6e 41 81 ff 03 14 00 00 75 2c 48 8b 9c 24 d0 


Register to memory mapping:

RAX=0x0000000000000005 is an unknown value
RBX=0x0000000000000000 is an unknown value
RCX=0x000000000000000a is an unknown value
RDX=0x0000eed700000000 is an unknown value
RSP=0x000000000244f360 is pointing into the stack for thread: 0x000000000211b800
RBP=0x000000005c0c0080 is an unknown value
RSI=0x0000000000000006 is an unknown value
RDI=0x0000000000000006 is an unknown value
R8 =0x0000000000000cc4 is an unknown value
R9 =0x0000000000000000 is an unknown value
R10=0x0000000000000007 is an unknown value
R11=0x000000006fdfb580 is an unknown value
R12=0x0000000000000000 is an unknown value
R13=0x0000000000000005 is an unknown value
R14=0x0000000000000000 is an unknown value
R15=0x0000000000001405 is an unknown value


Stack: [0x0000000002350000,0x0000000002450000],  sp=0x000000000244f360,  free space=1020k
Native frames: (J=compiled Java code, j=interpreted, Vv=VM code, C=native code)
C  [nvoglv64.DLL+0xb811c7]
C  [nvoglv64.DLL+0x840b36]
C  0x00000000028f7f54

Java frames: (J=compiled Java code, j=interpreted, Vv=VM code)
j  org.lwjgl.opengl.GL11.nglDrawElements(IIIJ)V+0
j  org.lwjgl.opengl.GL11.glDrawElements(IIIJ)V+4
j  engine.Mesh.render()V+16
j  HelloWorld.loop()V+320
j  HelloWorld.run()V+37
j  HelloWorld.main([Ljava/lang/String;)V+7
v  ~StubRoutines::call_stub

---------------  P R O C E S S  ---------------

Java Threads: ( => current thread )
  0x0000000058e15800 JavaThread "Service Thread" daemon [_thread_blocked, id=5580, stack(0x0000000059990000,0x0000000059a90000)]
  0x0000000058e15000 JavaThread "C1 CompilerThread2" daemon [_thread_blocked, id=11236, stack(0x0000000059190000,0x0000000059290000)]
  0x0000000058e14000 JavaThread "C2 CompilerThread1" daemon [_thread_blocked, id=2636, stack(0x0000000059820000,0x0000000059920000)]
  0x0000000058db8000 JavaThread "C2 CompilerThread0" daemon [_thread_blocked, id=188, stack(0x0000000059540000,0x0000000059640000)]
  0x0000000058e0a000 JavaThread "Monitor Ctrl-Break" daemon [_thread_in_native, id=4788, stack(0x00000000593d0000,0x00000000594d0000)]
  0x0000000058b42000 JavaThread "Attach Listener" daemon [_thread_blocked, id=456, stack(0x00000000592d0000,0x00000000593d0000)]
  0x0000000058b41800 JavaThread "Signal Dispatcher" daemon [_thread_blocked, id=7264, stack(0x0000000059010000,0x0000000059110000)]
  0x00000000577d8000 JavaThread "Finalizer" daemon [_thread_blocked, id=9812, stack(0x0000000058a40000,0x0000000058b40000)]
  0x0000000057796800 JavaThread "Reference Handler" daemon [_thread_blocked, id=10820, stack(0x00000000586f0000,0x00000000587f0000)]
=>0x000000000211b800 JavaThread "main" [_thread_in_native, id=1264, stack(0x0000000002350000,0x0000000002450000)]

Other Threads:
  0x000000005778f000 VMThread [stack: 0x00000000588b0000,0x00000000589b0000] [id=3840]
  0x0000000058f0f800 WatcherThread [stack: 0x0000000059660000,0x0000000059760000] [id=2420]

VM state:not at safepoint (normal execution)

VM Mutex/Monitor currently owned by a thread: None

Heap:
 PSYoungGen      total 38400K, used 21268K [0x00000000d5d80000, 0x00000000d8800000, 0x0000000100000000)
  eden space 33280K, 63% used [0x00000000d5d80000,0x00000000d7245358,0x00000000d7e00000)
  from space 5120K, 0% used [0x00000000d8300000,0x00000000d8300000,0x00000000d8800000)
  to   space 5120K, 0% used [0x00000000d7e00000,0x00000000d7e00000,0x00000000d8300000)
 ParOldGen       total 87552K, used 0K [0x0000000081800000, 0x0000000086d80000, 0x00000000d5d80000)
  object space 87552K, 0% used [0x0000000081800000,0x0000000081800000,0x0000000086d80000)
 Metaspace       used 9277K, capacity 9499K, committed 9728K, reserved 1058816K
  class space    used 843K, capacity 942K, committed 1024K, reserved 1048576K

Card table byte_map: [0x0000000011ca0000,0x00000000120a0000] byte_map_base: 0x0000000011894000

Marking Bits: (ParMarkBitMap*) 0x00000000703ea6c0
 Begin Bits: [0x0000000012ac0000, 0x0000000014a60000)
 End Bits:   [0x0000000014a60000, 0x0000000016a00000)

Polling page: 0x0000000000330000

CodeCache: size=245760Kb used=2901Kb max_used=2901Kb free=242858Kb
 bounds [0x00000000028e0000, 0x0000000002bc0000, 0x00000000118e0000]
 total_blobs=1508 nmethods=670 adapters=751
 compilation: enabled

Compilation events (10 events):
Event: 1.956 Thread 0x0000000058e15000  666       3       sun.misc.URLClassPath$JarLoader$2::getManifest (11 bytes)
Event: 1.956 Thread 0x0000000058e15000 nmethod 666 0x0000000002bb3c50 code [0x0000000002bb3dc0, 0x0000000002bb3fe8]
Event: 1.959 Thread 0x0000000058e15000  667       3       sun.misc.URLClassPath$JarLoader$2::getCodeSigners (8 bytes)
Event: 1.959 Thread 0x0000000058e15000 nmethod 667 0x0000000002bb40d0 code [0x0000000002bb4240, 0x0000000002bb4468]
Event: 1.959 Thread 0x0000000058e15000  668   !   3       java.util.jar.JarFile$JarFileEntry::getCodeSigners (78 bytes)
Event: 1.960 Thread 0x0000000058e15000 nmethod 668 0x0000000002bb4510 code [0x0000000002bb46e0, 0x0000000002bb4cb8]
Event: 1.962 Thread 0x0000000058e15000  669       3       java.lang.ReflectiveOperationException::<init> (7 bytes)
Event: 1.962 Thread 0x0000000058e15000 nmethod 669 0x0000000002bb5910 code [0x0000000002bb5a80, 0x0000000002bb5c68]
Event: 1.962 Thread 0x0000000058e15000  670       3       java.lang.Exception::<init> (7 bytes)
Event: 1.962 Thread 0x0000000058e15000 nmethod 670 0x0000000002bb5d50 code [0x0000000002bb5ec0, 0x0000000002bb6048]

GC Heap History (0 events):
No events

Deoptimization events (1 events):
Event: 0.997 Thread 0x000000000211b800 Uncommon trap: reason=unstable_if action=reinterpret pc=0x0000000002a8f7ec method=java.lang.String.indexOf([CII[CIII)I @ 134

Internal exceptions (10 events):
Event: 0.869 Thread 0x000000000211b800 Exception <a 'java/io/FileNotFoundException'> (0x00000000d6077ca8) thrown at [C:\re\workspace\8-2-build-windows-amd64-cygwin\jdk8u111\7883\hotspot\src\share\vm\prims\jni.cpp, line 709]
Event: 0.908 Thread 0x000000000211b800 Exception <a 'java/lang/NoSuchMethodError': java.lang.Object.lambda$static$0(Ljava/lang/String;)Ljava/lang/Boolean;> (0x00000000d62c6c70) thrown at [C:\re\workspace\8-2-build-windows-amd64-cygwin\jdk8u111\7883\hotspot\src\share\vm\interpreter\linkResolver
Event: 0.956 Thread 0x000000000211b800 Exception <a 'java/lang/NoSuchFieldError': method resolution failed> (0x00000000d6349058) thrown at [C:\re\workspace\8-2-build-windows-amd64-cygwin\jdk8u111\7883\hotspot\src\share\vm\prims\methodHandles.cpp, line 1146]
Event: 0.957 Thread 0x000000000211b800 Exception <a 'java/lang/NoSuchFieldError': method resolution failed> (0x00000000d6356c18) thrown at [C:\re\workspace\8-2-build-windows-amd64-cygwin\jdk8u111\7883\hotspot\src\share\vm\prims\methodHandles.cpp, line 1146]
Event: 0.972 Thread 0x000000000211b800 Exception <a 'java/security/PrivilegedActionException'> (0x00000000d640a030) thrown at [C:\re\workspace\8-2-build-windows-amd64-cygwin\jdk8u111\7883\hotspot\src\share\vm\prims\jvm.cpp, line 1386]
Event: 0.972 Thread 0x000000000211b800 Exception <a 'java/security/PrivilegedActionException'> (0x00000000d640a240) thrown at [C:\re\workspace\8-2-build-windows-amd64-cygwin\jdk8u111\7883\hotspot\src\share\vm\prims\jvm.cpp, line 1386]
Event: 0.973 Thread 0x000000000211b800 Exception <a 'java/security/PrivilegedActionException'> (0x00000000d640e128) thrown at [C:\re\workspace\8-2-build-windows-amd64-cygwin\jdk8u111\7883\hotspot\src\share\vm\prims\jvm.cpp, line 1386]
Event: 0.973 Thread 0x000000000211b800 Exception <a 'java/security/PrivilegedActionException'> (0x00000000d640e338) thrown at [C:\re\workspace\8-2-build-windows-amd64-cygwin\jdk8u111\7883\hotspot\src\share\vm\prims\jvm.cpp, line 1386]
Event: 1.555 Thread 0x000000000211b800 Exception <a 'sun/nio/fs/WindowsException'> (0x00000000d6807200) thrown at [C:\re\workspace\8-2-build-windows-amd64-cygwin\jdk8u111\7883\hotspot\src\share\vm\prims\jni.cpp, line 709]
Event: 1.556 Thread 0x000000000211b800 Exception <a 'sun/nio/fs/WindowsException'> (0x00000000d6808c28) thrown at [C:\re\workspace\8-2-build-windows-amd64-cygwin\jdk8u111\7883\hotspot\src\share\vm\prims\jni.cpp, line 709]

Events (10 events):
Event: 1.962 loading class org/joml/Vector2f
Event: 1.962 loading class org/joml/Vector2f done
Event: 1.963 loading class org/joml/Vector2fc
Event: 1.963 loading class org/joml/Vector2fc done
Event: 1.964 loading class engine/Mesh
Event: 1.964 loading class engine/Mesh done
Event: 1.964 loading class engine/Model
Event: 1.964 loading class engine/Model done
Event: 1.965 loading class engine/Utils
Event: 1.965 loading class engine/Utils done


Dynamic libraries:
0x000000013f420000 - 0x000000013f457000 	C:\Program Files\Java\jdk1.8.0_111\bin\java.exe
0x0000000077810000 - 0x00000000779ba000 	C:\Windows\SYSTEM32\ntdll.dll
0x00000000776f0000 - 0x000000007780f000 	C:\Windows\system32\kernel32.dll
0x000007fefd750000 - 0x000007fefd7ba000 	C:\Windows\system32\KERNELBASE.dll
0x000007fefdb50000 - 0x000007fefdc2b000 	C:\Windows\system32\ADVAPI32.dll
0x000007fefdd90000 - 0x000007fefde2f000 	C:\Windows\system32\msvcrt.dll
0x000007fefdf80000 - 0x000007fefdf9f000 	C:\Windows\SYSTEM32\sechost.dll
0x000007fefd9a0000 - 0x000007fefdacd000 	C:\Windows\system32\RPCRT4.dll
0x00000000775f0000 - 0x00000000776ea000 	C:\Windows\system32\USER32.dll
0x000007fefde30000 - 0x000007fefde97000 	C:\Windows\system32\GDI32.dll
0x000007fefdea0000 - 0x000007fefdeae000 	C:\Windows\system32\LPK.dll
0x000007fefdeb0000 - 0x000007fefdf7b000 	C:\Windows\system32\USP10.dll
0x000007fefbb20000 - 0x000007fefbd14000 	C:\Windows\WinSxS\amd64_microsoft.windows.common-controls_6595b64144ccf1df_6.0.7601.18837_none_fa3b1e3d17594757\COMCTL32.dll
0x000007fefe7b0000 - 0x000007fefe821000 	C:\Windows\system32\SHLWAPI.dll
0x000007fefe460000 - 0x000007fefe48e000 	C:\Windows\system32\IMM32.DLL
0x000007fefdc80000 - 0x000007fefdd89000 	C:\Windows\system32\MSCTF.dll
0x0000000078b20000 - 0x0000000078bf2000 	C:\Program Files\Java\jdk1.8.0_111\jre\bin\msvcr100.dll
0x000000006fbd0000 - 0x000000007046a000 	C:\Program Files\Java\jdk1.8.0_111\jre\bin\server\jvm.dll
0x000007fee9610000 - 0x000007fee9619000 	C:\Windows\system32\WSOCK32.dll
0x000007fefdc30000 - 0x000007fefdc7d000 	C:\Windows\system32\WS2_32.dll
0x000007feff890000 - 0x000007feff898000 	C:\Windows\system32\NSI.dll
0x000007fefafa0000 - 0x000007fefafdb000 	C:\Windows\system32\WINMM.dll
0x000007fefc360000 - 0x000007fefc36c000 	C:\Windows\system32\VERSION.dll
0x00000000779d0000 - 0x00000000779d7000 	C:\Windows\system32\PSAPI.DLL
0x0000000072cf0000 - 0x0000000072cff000 	C:\Program Files\Java\jdk1.8.0_111\jre\bin\verify.dll
0x0000000065940000 - 0x0000000065969000 	C:\Program Files\Java\jdk1.8.0_111\jre\bin\java.dll
0x000000005c6b0000 - 0x000000005c6d3000 	C:\Program Files\Java\jdk1.8.0_111\jre\bin\instrument.dll
0x000000005caf0000 - 0x000000005cb06000 	C:\Program Files\Java\jdk1.8.0_111\jre\bin\zip.dll
0x000007fefe830000 - 0x000007feff5ba000 	C:\Windows\system32\SHELL32.dll
0x000007fefe4b0000 - 0x000007fefe6ac000 	C:\Windows\system32\ole32.dll
0x000007fefd510000 - 0x000007fefd51f000 	C:\Windows\system32\profapi.dll
0x000007fee0f40000 - 0x000007fee0f5a000 	C:\Program Files\JetBrains\IntelliJ IDEA Community Edition 2017.2.1\bin\breakgen64.dll
0x000000005cad0000 - 0x000000005caea000 	C:\Program Files\Java\jdk1.8.0_111\jre\bin\net.dll
0x000007fefccd0000 - 0x000007fefcd25000 	C:\Windows\system32\mswsock.dll
0x000007fefccc0000 - 0x000007fefccc7000 	C:\Windows\System32\wship6.dll
0x000000005cab0000 - 0x000000005cac1000 	C:\Program Files\Java\jdk1.8.0_111\jre\bin\nio.dll
0x000007fedf6b0000 - 0x000007fedf707000 	C:\Users\mihalke\AppData\Local\Temp\lwjglmihalke\3.1.2-build-29\lwjgl.dll
0x000007fefc3d0000 - 0x000007fefc3d3000 	C:\Windows\system32\api-ms-win-core-synch-l1-2-0.DLL
0x000007fedf0c0000 - 0x000007fedf0fc000 	C:\Users\mihalke\AppData\Local\Temp\lwjglmihalke\3.1.2-build-29\jemalloc.dll
0x000007fedec20000 - 0x000007fedec5d000 	C:\Users\mihalke\AppData\Local\Temp\lwjglmihalke\3.1.2-build-29\glfw.dll
0x000007fefb690000 - 0x000007fefb6e6000 	C:\Windows\system32\uxtheme.dll
0x000007fedebe0000 - 0x000007fedec1c000 	C:\Windows\system32\dinput8.dll
0x0000000000460000 - 0x000000000047e000 	C:\Windows\system32\xinput1_3.dll
0x000007feff940000 - 0x000007feffb17000 	C:\Windows\system32\SETUPAPI.dll
0x000007fefd6e0000 - 0x000007fefd716000 	C:\Windows\system32\CFGMGR32.dll
0x000007fefd8c0000 - 0x000007fefd99a000 	C:\Windows\system32\OLEAUT32.dll
0x000007fefd690000 - 0x000007fefd6aa000 	C:\Windows\system32\DEVOBJ.dll
0x000007fefb5e0000 - 0x000007fefb5f8000 	C:\Windows\system32\dwmapi.dll
0x000007fefb780000 - 0x000007fefb78b000 	C:\Windows\system32\HID.DLL
0x000007fefd880000 - 0x000007fefd8bb000 	C:\Windows\system32\WINTRUST.dll
0x000007fefd520000 - 0x000007fefd68d000 	C:\Windows\system32\CRYPT32.dll
0x000007fefd500000 - 0x000007fefd50f000 	C:\Windows\system32\MSASN1.dll
0x000007fee11f0000 - 0x000007fee130d000 	C:\Windows\system32\opengl32.dll
0x000007fee6260000 - 0x000007fee628d000 	C:\Windows\system32\GLU32.dll
0x000007fee2a90000 - 0x000007fee2b81000 	C:\Windows\system32\DDRAW.dll
0x000007fee6250000 - 0x000007fee6258000 	C:\Windows\system32\DCIMAN32.dll
0x0000000069030000 - 0x000000006b2ee000 	C:\Windows\system32\nvoglv64.DLL
0x000007fefc550000 - 0x000007fefc561000 	C:\Windows\system32\WTSAPI32.dll
0x000007fefc1b0000 - 0x000007fefc1dd000 	C:\Windows\system32\ntmarta.dll
0x000007fefe750000 - 0x000007fefe7a2000 	C:\Windows\system32\WLDAP32.dll
0x000007fef64f0000 - 0x000007fef66bc000 	C:\Windows\system32\nvspcap64.dll
0x000007fef88d0000 - 0x000007fef8941000 	C:\Windows\system32\WINHTTP.dll
0x000007fef8860000 - 0x000007fef88c5000 	C:\Windows\system32\webio.dll
0x000007fef9980000 - 0x000007fef9dc2000 	C:\Windows\system32\nvapi64.dll
0x000007fefd3a0000 - 0x000007fefd3af000 	C:\Windows\system32\CRYPTBASE.dll
0x000007feff8a0000 - 0x000007feff939000 	C:\Windows\system32\CLBCatQ.DLL
0x000007fefcd30000 - 0x000007fefcd48000 	C:\Windows\system32\CRYPTSP.dll
0x000007fefca30000 - 0x000007fefca77000 	C:\Windows\system32\rsaenh.dll
0x000007fefd450000 - 0x000007fefd464000 	C:\Windows\system32\RpcRtRemote.dll
0x000007fefd3b0000 - 0x000007fefd441000 	C:\Windows\system32\SXS.DLL
0x000007fefc6d0000 - 0x000007fefc70d000 	C:\Windows\system32\WINSTA.dll
0x000007fede930000 - 0x000007fede98c000 	C:\Users\mihalke\AppData\Local\Temp\lwjglmihalke\3.1.2-build-29\lwjgl_opengl.dll
0x000007fef8b40000 - 0x000007fef8c65000 	C:\Windows\system32\dbghelp.dll

VM Arguments:
jvm_args: -javaagent:C:\Program Files\JetBrains\IntelliJ IDEA Community Edition 2017.2.1\lib\idea_rt.jar=62491:C:\Program Files\JetBrains\IntelliJ IDEA Community Edition 2017.2.1\bin -Dfile.encoding=UTF-8 
java_command: HelloWorld
java_class_path (initial): C:\Program Files\Java\jdk1.8.0_111\jre\lib\charsets.jar;C:\Program Files\Java\jdk1.8.0_111\jre\lib\deploy.jar;C:\Program Files\Java\jdk1.8.0_111\jre\lib\ext\access-bridge-64.jar;C:\Program Files\Java\jdk1.8.0_111\jre\lib\ext\cldrdata.jar;C:\Program Files\Java\jdk1.8.0_111\jre\lib\ext\dnsns.jar;C:\Program Files\Java\jdk1.8.0_111\jre\lib\ext\jaccess.jar;C:\Program Files\Java\jdk1.8.0_111\jre\lib\ext\jfxrt.jar;C:\Program Files\Java\jdk1.8.0_111\jre\lib\ext\localedata.jar;C:\Program Files\Java\jdk1.8.0_111\jre\lib\ext\nashorn.jar;C:\Program Files\Java\jdk1.8.0_111\jre\lib\ext\sunec.jar;C:\Program Files\Java\jdk1.8.0_111\jre\lib\ext\sunjce_provider.jar;C:\Program Files\Java\jdk1.8.0_111\jre\lib\ext\sunmscapi.jar;C:\Program Files\Java\jdk1.8.0_111\jre\lib\ext\sunpkcs11.jar;C:\Program Files\Java\jdk1.8.0_111\jre\lib\ext\zipfs.jar;C:\Program Files\Java\jdk1.8.0_111\jre\lib\javaws.jar;C:\Program Files\Java\jdk1.8.0_111\jre\lib\jce.jar;C:\Program Files\Java\jdk1.8.0_111\jre\lib\jfr.jar;C:\Program Files\Java\jdk1.8.0_111\jre\lib\jfxswt.jar;C:\Program Files\Java\jdk1.8.0_111\jre\lib\jsse.jar;C:\Program Files\Java\jdk1.8.0_111\jre\lib\management-agent.jar;C:\Program Files\Java\jdk1.8.0_111\jre\lib\plugin.jar;C:\Program Files\Java\jdk1.8.0_111\jre\lib\resources.jar;C:\Program Files\Java\jdk1.8.0_111\jre\lib\rt.jar;C:\Users\mihalke\IdeaProjects\HelloWorld\out\production\HelloWorld;C:\Users\mihalke\IdeaProjects\HelloWorld\libs\lwjgl.jar;C:\Users\mihalke\IdeaProjects\HelloWorld\libs\lwjgl-egl.jar;C:\Users\mihalke\IdeaProjects\HelloWorld\libs\lwjgl-nfd.jar;C:\Users\mihalke\IdeaProjects\HelloWorld\libs\lwjgl-ovr.jar;C:\Users\mihalke\IdeaProjects\HelloWorld\libs\lwjgl-par.jar;C:\Users\mihalke\IdeaProjects\HelloWorld\libs\lwjgl-sse.jar;C:\Users\mihalke\IdeaProjects\HelloWorld\libs\lwjgl-stb.jar;C:\Users\mihalke\IdeaProjects\HelloWorld\libs\joml-1.9.6.jar;C:\Users\mihalke\IdeaProjects\HelloWorld\libs\lwjgl-bgfx.jar;C:\Users\mihalke\IdeaProjects\HelloWorld\lib
Launcher Type: SUN_STANDARD

Environment Variables:
PATH=C:\ProgramData\Oracle\Java\javapath;C:\Program Files (x86)\Intel\iCLS Client\;C:\Program Files\Intel\iCLS Client\;C:\Windows\system32;C:\Windows;C:\Windows\System32\Wbem;C:\Windows\System32\WindowsPowerShell\v1.0\;C:\Program Files\Intel\Intel(R) Management Engine Components\DAL;C:\Program Files\Intel\Intel(R) Management Engine Components\IPT;C:\Program Files (x86)\Intel\Intel(R) Management Engine Components\DAL;C:\Program Files (x86)\Intel\Intel(R) Management Engine Components\IPT;C:\Program Files (x86)\NVIDIA Corporation\PhysX\Common;C:\Program Files (x86)\GtkSharp\2.12\bin;C:\Program Files\nodejs\;C:\Program Files\WorldPainter;;c:\windows\system32
USERNAME=mihalke
OS=Windows_NT
PROCESSOR_IDENTIFIER=Intel64 Family 6 Model 60 Stepping 3, GenuineIntel



---------------  S Y S T E M  ---------------

OS: Windows 7 , 64 bit Build 7601 (6.1.7601.23915)

CPU:total 4 (4 cores per cpu, 1 threads per core) family 6 model 60 stepping 3, cmov, cx8, fxsr, mmx, sse, sse2, sse3, ssse3, sse4.1, sse4.2, popcnt, avx, avx2, aes, clmul, erms, rtm, lzcnt, tsc, tscinvbit, bmi1, bmi2

Memory: 4k page, physical 8286244k(1308108k free), swap 16570628k(7541496k free)

vm_info: Java HotSpot(TM) 64-Bit Server VM (25.111-b14) for windows-amd64 JRE (1.8.0_111-b14), built on Sep 22 2016 19:24:05 by "java_re" with MS VC++ 10.0 (VS2010)

time: Thu Dec 21 16:54:47 2017
elapsed time: 2 seconds (0d 0h 0m 2s)

