#
# A fatal error has been detected by the Java Runtime Environment:
#
#  EXCEPTION_ACCESS_VIOLATION (0xc0000005) at pc=0x0000000069968240, pid=9756, tid=0x0000000000001108
#
# JRE version: Java(TM) SE Runtime Environment (8.0_111-b14) (build 1.8.0_111-b14)
# Java VM: Java HotSpot(TM) 64-Bit Server VM (25.111-b14 mixed mode windows-amd64 compressed oops)
# Problematic frame:
# C  [nvoglv64.DLL+0x1028240]
#
# Failed to write core dump. Minidumps are not enabled by default on client versions of Windows
#
# If you would like to submit a bug report, please visit:
#   http://bugreport.java.com/bugreport/crash.jsp
# The crash happened outside the Java Virtual Machine in native code.
# See problematic frame for where to report the bug.
#

---------------  T H R E A D  ---------------

Current thread (0x0000000001c9c000):  JavaThread "main" [_thread_in_native, id=4360, stack(0x00000000025b0000,0x00000000026b0000)]

siginfo: ExceptionCode=0xc0000005, reading address 0x0000000000000000

Registers:
RAX=0x0000000000000030, RBX=0x000000005c2413b8, RCX=0x000000005cecc0f4, RDX=0xffffffffa3133f0c
RSP=0x00000000026af3a8, RBP=0x0000000000000001, RSI=0x0000000000000003, RDI=0x000000005cecc0f4
R8 =0x0000000000000030, R9 =0x0000000000000003, R10=0x0000000000000000, R11=0x000000005cecc0f4
R12=0x0000000000000000, R13=0x0000000068940000, R14=0x0000000000000000, R15=0x000000005c241138
RIP=0x0000000069968240, EFLAGS=0x0000000000010283

Top of Stack: (sp=0x00000000026af3a8)
0x00000000026af3a8:   00000000694c026a 0000000057529790
0x00000000026af3b8:   00000000026af4f8 0000000001c9b040
0x00000000026af3c8:   00000000693587ab 0000000001c9c000
0x00000000026af3d8:   0000000000000003 0000000000000000
0x00000000026af3e8:   000000000002010b 000000005c241138
0x00000000026af3f8:   00000000694c1052 000000005c240080
0x00000000026af408:   0000000000000004 0000000000000000
0x00000000026af418:   0000000002997de6 0000000001c9c000
0x00000000026af428:   00000000026af4f8 0000000057529790
0x00000000026af438:   0000000000000000 0000000002988331
0x00000000026af448:   0000000002997f54 0000000057529790
0x00000000026af458:   00000000026af4c8 0000000000000108
0x00000000026af468:   0000000057529790 0000000000000003
0x00000000026af478:   0000000001c9c000 0000000002997c82
0x00000000026af488:   00000000026af488 0000000057529790
0x00000000026af498:   00000000026af4f8 00000000574f6590 

Instructions: (pc=0x0000000069968240)
0x0000000069968220:   29 41 c0 0f 29 49 d0 0f 10 44 0a e0 0f 10 4c 0a
0x0000000069968230:   f0 75 ad 0f 29 41 e0 49 83 e0 7f 0f 28 c1 eb 0c
0x0000000069968240:   0f 10 04 0a 48 83 c1 10 49 83 e8 10 4d 8b c8 49
0x0000000069968250:   c1 e9 04 74 1c 66 66 66 0f 1f 84 00 00 00 00 00 


Register to memory mapping:

RAX=0x0000000000000030 is an unknown value
RBX=0x000000005c2413b8 is an unknown value
RCX=0x000000005cecc0f4 is an unknown value
RDX=0xffffffffa3133f0c is an unknown value
RSP=0x00000000026af3a8 is pointing into the stack for thread: 0x0000000001c9c000
RBP=0x0000000000000001 is an unknown value
RSI=0x0000000000000003 is an unknown value
RDI=0x000000005cecc0f4 is an unknown value
R8 =0x0000000000000030 is an unknown value
R9 =0x0000000000000003 is an unknown value
R10=0x0000000000000000 is an unknown value
R11=0x000000005cecc0f4 is an unknown value
R12=0x0000000000000000 is an unknown value
R13=0x0000000068940000 is an unknown value
R14=0x0000000000000000 is an unknown value
R15=0x000000005c241138 is an unknown value


Stack: [0x00000000025b0000,0x00000000026b0000],  sp=0x00000000026af3a8,  free space=1020k
Native frames: (J=compiled Java code, j=interpreted, Vv=VM code, C=native code)
C  [nvoglv64.DLL+0x1028240]
C  [nvoglv64.DLL+0xb8026a]
C  [nvoglv64.DLL+0xb81052]
C  0x0000000002997f54

Java frames: (J=compiled Java code, j=interpreted, Vv=VM code)
j  org.lwjgl.opengl.GL11.glDrawArrays(III)V+0
j  HelloWorld.loop()V+269
j  HelloWorld.run()V+37
j  HelloWorld.main([Ljava/lang/String;)V+7
v  ~StubRoutines::call_stub

---------------  P R O C E S S  ---------------

Java Threads: ( => current thread )
  0x00000000590b4800 JavaThread "Service Thread" daemon [_thread_blocked, id=9464, stack(0x0000000059cb0000,0x0000000059db0000)]
  0x0000000059010000 JavaThread "C1 CompilerThread2" daemon [_thread_blocked, id=8228, stack(0x00000000599b0000,0x0000000059ab0000)]
  0x0000000059005800 JavaThread "C2 CompilerThread1" daemon [_thread_blocked, id=4764, stack(0x00000000597b0000,0x00000000598b0000)]
  0x0000000059005000 JavaThread "C2 CompilerThread0" daemon [_thread_blocked, id=8264, stack(0x0000000059570000,0x0000000059670000)]
  0x0000000058fb8000 JavaThread "Monitor Ctrl-Break" daemon [_thread_in_native, id=3384, stack(0x00000000592f0000,0x00000000593f0000)]
  0x0000000058d93800 JavaThread "Attach Listener" daemon [_thread_blocked, id=8188, stack(0x00000000591a0000,0x00000000592a0000)]
  0x0000000058d92000 JavaThread "Signal Dispatcher" daemon [_thread_blocked, id=4972, stack(0x0000000058870000,0x0000000058970000)]
  0x000000005790d800 JavaThread "Finalizer" daemon [_thread_blocked, id=9436, stack(0x0000000058c90000,0x0000000058d90000)]
  0x00000000578c6800 JavaThread "Reference Handler" daemon [_thread_blocked, id=1204, stack(0x0000000058af0000,0x0000000058bf0000)]
=>0x0000000001c9c000 JavaThread "main" [_thread_in_native, id=4360, stack(0x00000000025b0000,0x00000000026b0000)]

Other Threads:
  0x00000000578bf000 VMThread [stack: 0x00000000589b0000,0x0000000058ab0000] [id=3820]
  0x0000000059104000 WatcherThread [stack: 0x0000000059450000,0x0000000059550000] [id=8740]

VM state:not at safepoint (normal execution)

VM Mutex/Monitor currently owned by a thread: None

Heap:
 PSYoungGen      total 38400K, used 21181K [0x00000000d5d80000, 0x00000000d8800000, 0x0000000100000000)
  eden space 33280K, 63% used [0x00000000d5d80000,0x00000000d722f798,0x00000000d7e00000)
  from space 5120K, 0% used [0x00000000d8300000,0x00000000d8300000,0x00000000d8800000)
  to   space 5120K, 0% used [0x00000000d7e00000,0x00000000d7e00000,0x00000000d8300000)
 ParOldGen       total 87552K, used 0K [0x0000000081800000, 0x0000000086d80000, 0x00000000d5d80000)
  object space 87552K, 0% used [0x0000000081800000,0x0000000081800000,0x0000000086d80000)
 Metaspace       used 9166K, capacity 9391K, committed 9728K, reserved 1058816K
  class space    used 834K, capacity 910K, committed 1024K, reserved 1048576K

Card table byte_map: [0x0000000011d40000,0x0000000012140000] byte_map_base: 0x0000000011934000

Marking Bits: (ParMarkBitMap*) 0x000000006fd3a6c0
 Begin Bits: [0x0000000012bf0000, 0x0000000014b90000)
 End Bits:   [0x0000000014b90000, 0x0000000016b30000)

Polling page: 0x00000000001c0000

CodeCache: size=245760Kb used=2761Kb max_used=2761Kb free=242998Kb
 bounds [0x0000000002980000, 0x0000000002c40000, 0x0000000011980000]
 total_blobs=1458 nmethods=626 adapters=745
 compilation: enabled

Compilation events (10 events):
Event: 0.747 Thread 0x0000000059010000  609       3       java.lang.reflect.Field::acquireFieldAccessor (59 bytes)
Event: 0.748 Thread 0x0000000059010000 nmethod 609 0x0000000002c31490 code [0x0000000002c31660, 0x0000000002c31da8]
Event: 0.748 Thread 0x0000000059010000  610       3       java.lang.reflect.Field::getFieldAccessor (16 bytes)
Event: 0.748 Thread 0x0000000059010000 nmethod 610 0x0000000002c320d0 code [0x0000000002c32220, 0x0000000002c323d0]
Event: 0.748 Thread 0x0000000059010000  617       3       java.lang.reflect.Field::getLong (51 bytes)
Event: 0.748 Thread 0x0000000059010000 nmethod 617 0x0000000002c32450 code [0x0000000002c32620, 0x0000000002c32c48]
Event: 0.748 Thread 0x0000000059010000  618       3       sun.reflect.UnsafeQualifiedLongFieldAccessorImpl::<init> (7 bytes)
Event: 0.748 Thread 0x0000000059010000 nmethod 618 0x0000000002c32e50 code [0x0000000002c32fc0, 0x0000000002c331c8]
Event: 0.748 Thread 0x0000000059010000  619       3       sun.reflect.UnsafeQualifiedFieldAccessorImpl::<init> (11 bytes)
Event: 0.748 Thread 0x0000000059010000 nmethod 619 0x0000000002c33290 code [0x0000000002c33400, 0x0000000002c335a8]

GC Heap History (0 events):
No events

Deoptimization events (0 events):
No events

Internal exceptions (10 events):
Event: 0.142 Thread 0x0000000001c9c000 Exception <a 'java/io/FileNotFoundException'> (0x00000000d60644e0) thrown at [C:\re\workspace\8-2-build-windows-amd64-cygwin\jdk8u111\7883\hotspot\src\share\vm\prims\jni.cpp, line 709]
Event: 0.166 Thread 0x0000000001c9c000 Exception <a 'java/lang/NoSuchMethodError': java.lang.Object.lambda$static$0(Ljava/lang/String;)Ljava/lang/Boolean;> (0x00000000d62b5c00) thrown at [C:\re\workspace\8-2-build-windows-amd64-cygwin\jdk8u111\7883\hotspot\src\share\vm\interpreter\linkResolver
Event: 0.176 Thread 0x0000000001c9c000 Exception <a 'java/lang/NoSuchFieldError': method resolution failed> (0x00000000d6338070) thrown at [C:\re\workspace\8-2-build-windows-amd64-cygwin\jdk8u111\7883\hotspot\src\share\vm\prims\methodHandles.cpp, line 1146]
Event: 0.177 Thread 0x0000000001c9c000 Exception <a 'java/lang/NoSuchFieldError': method resolution failed> (0x00000000d6345c60) thrown at [C:\re\workspace\8-2-build-windows-amd64-cygwin\jdk8u111\7883\hotspot\src\share\vm\prims\methodHandles.cpp, line 1146]
Event: 0.192 Thread 0x0000000001c9c000 Exception <a 'java/security/PrivilegedActionException'> (0x00000000d63f9048) thrown at [C:\re\workspace\8-2-build-windows-amd64-cygwin\jdk8u111\7883\hotspot\src\share\vm\prims\jvm.cpp, line 1386]
Event: 0.192 Thread 0x0000000001c9c000 Exception <a 'java/security/PrivilegedActionException'> (0x00000000d63f9258) thrown at [C:\re\workspace\8-2-build-windows-amd64-cygwin\jdk8u111\7883\hotspot\src\share\vm\prims\jvm.cpp, line 1386]
Event: 0.192 Thread 0x0000000001c9c000 Exception <a 'java/security/PrivilegedActionException'> (0x00000000d63fd140) thrown at [C:\re\workspace\8-2-build-windows-amd64-cygwin\jdk8u111\7883\hotspot\src\share\vm\prims\jvm.cpp, line 1386]
Event: 0.192 Thread 0x0000000001c9c000 Exception <a 'java/security/PrivilegedActionException'> (0x00000000d63fd350) thrown at [C:\re\workspace\8-2-build-windows-amd64-cygwin\jdk8u111\7883\hotspot\src\share\vm\prims\jvm.cpp, line 1386]
Event: 0.532 Thread 0x0000000001c9c000 Exception <a 'sun/nio/fs/WindowsException'> (0x00000000d67f5398) thrown at [C:\re\workspace\8-2-build-windows-amd64-cygwin\jdk8u111\7883\hotspot\src\share\vm\prims\jni.cpp, line 709]
Event: 0.533 Thread 0x0000000001c9c000 Exception <a 'sun/nio/fs/WindowsException'> (0x00000000d67f6dc0) thrown at [C:\re\workspace\8-2-build-windows-amd64-cygwin\jdk8u111\7883\hotspot\src\share\vm\prims\jni.cpp, line 709]

Events (10 events):
Event: 0.742 loading class java/util/stream/ReduceOps$Box done
Event: 0.742 loading class java/util/stream/ReduceOps$3ReducingSink done
Event: 0.742 loading class java/util/stream/ReferencePipeline$2$1
Event: 0.742 loading class java/util/stream/Sink$ChainedReference
Event: 0.742 loading class java/util/stream/Sink$ChainedReference done
Event: 0.742 loading class java/util/stream/ReferencePipeline$2$1 done
Event: 0.743 loading class sun/reflect/UnsafeQualifiedLongFieldAccessorImpl
Event: 0.743 loading class sun/reflect/UnsafeQualifiedFieldAccessorImpl
Event: 0.743 loading class sun/reflect/UnsafeQualifiedFieldAccessorImpl done
Event: 0.743 loading class sun/reflect/UnsafeQualifiedLongFieldAccessorImpl done


Dynamic libraries:
0x000000013f370000 - 0x000000013f3a7000 	C:\Program Files\Java\jdk1.8.0_111\bin\java.exe
0x0000000077340000 - 0x00000000774ea000 	C:\Windows\SYSTEM32\ntdll.dll
0x0000000077220000 - 0x000000007733f000 	C:\Windows\system32\kernel32.dll
0x000007fefd1a0000 - 0x000007fefd20a000 	C:\Windows\system32\KERNELBASE.dll
0x000007fefd570000 - 0x000007fefd64b000 	C:\Windows\system32\ADVAPI32.dll
0x000007feff000000 - 0x000007feff09f000 	C:\Windows\system32\msvcrt.dll
0x000007feff2a0000 - 0x000007feff2bf000 	C:\Windows\SYSTEM32\sechost.dll
0x000007fefda30000 - 0x000007fefdb5d000 	C:\Windows\system32\RPCRT4.dll
0x0000000077120000 - 0x000000007721a000 	C:\Windows\system32\USER32.dll
0x000007fefd450000 - 0x000007fefd4b7000 	C:\Windows\system32\GDI32.dll
0x000007feff640000 - 0x000007feff64e000 	C:\Windows\system32\LPK.dll
0x000007fefd650000 - 0x000007fefd71b000 	C:\Windows\system32\USP10.dll
0x000007fefb650000 - 0x000007fefb844000 	C:\Windows\WinSxS\amd64_microsoft.windows.common-controls_6595b64144ccf1df_6.0.7601.18837_none_fa3b1e3d17594757\COMCTL32.dll
0x000007fefed00000 - 0x000007fefed71000 	C:\Windows\system32\SHLWAPI.dll
0x000007fefd4c0000 - 0x000007fefd4ee000 	C:\Windows\system32\IMM32.DLL
0x000007fefd900000 - 0x000007fefda09000 	C:\Windows\system32\MSCTF.dll
0x000000006bb50000 - 0x000000006bc22000 	C:\Program Files\Java\jdk1.8.0_111\jre\bin\msvcr100.dll
0x000000006f520000 - 0x000000006fdba000 	C:\Program Files\Java\jdk1.8.0_111\jre\bin\server\jvm.dll
0x000007fefa0c0000 - 0x000007fefa0c9000 	C:\Windows\system32\WSOCK32.dll
0x000007fefed80000 - 0x000007fefedcd000 	C:\Windows\system32\WS2_32.dll
0x000007feff2c0000 - 0x000007feff2c8000 	C:\Windows\system32\NSI.dll
0x000007fefab00000 - 0x000007fefab3b000 	C:\Windows\system32\WINMM.dll
0x000007fefbe90000 - 0x000007fefbe9c000 	C:\Windows\system32\VERSION.dll
0x0000000077500000 - 0x0000000077507000 	C:\Windows\system32\PSAPI.DLL
0x000000006c790000 - 0x000000006c79f000 	C:\Program Files\Java\jdk1.8.0_111\jre\bin\verify.dll
0x000000006c760000 - 0x000000006c789000 	C:\Program Files\Java\jdk1.8.0_111\jre\bin\java.dll
0x000000006c710000 - 0x000000006c733000 	C:\Program Files\Java\jdk1.8.0_111\jre\bin\instrument.dll
0x000000006c740000 - 0x000000006c756000 	C:\Program Files\Java\jdk1.8.0_111\jre\bin\zip.dll
0x000007fefdb60000 - 0x000007fefe8ea000 	C:\Windows\system32\SHELL32.dll
0x000007feff0a0000 - 0x000007feff29c000 	C:\Windows\system32\ole32.dll
0x000007fefd040000 - 0x000007fefd04f000 	C:\Windows\system32\profapi.dll
0x000007fee0990000 - 0x000007fee09aa000 	C:\Program Files\JetBrains\IntelliJ IDEA Community Edition 2017.2.1\bin\breakgen64.dll
0x000000006c6f0000 - 0x000000006c70a000 	C:\Program Files\Java\jdk1.8.0_111\jre\bin\net.dll
0x000007fefc800000 - 0x000007fefc855000 	C:\Windows\system32\mswsock.dll
0x000007fefc7f0000 - 0x000007fefc7f7000 	C:\Windows\System32\wship6.dll
0x000000006c6d0000 - 0x000000006c6e1000 	C:\Program Files\Java\jdk1.8.0_111\jre\bin\nio.dll
0x000007fee0930000 - 0x000007fee0987000 	C:\Users\mihalke\AppData\Local\Temp\lwjglmihalke\3.1.2-build-29\lwjgl.dll
0x000007fefbf00000 - 0x000007fefbf03000 	C:\Windows\system32\api-ms-win-core-synch-l1-2-0.DLL
0x000007fed7f30000 - 0x000007fed7f6c000 	C:\Users\mihalke\AppData\Local\Temp\lwjglmihalke\3.1.2-build-29\jemalloc.dll
0x000007fed7ef0000 - 0x000007fed7f2d000 	C:\Users\mihalke\AppData\Local\Temp\lwjglmihalke\3.1.2-build-29\glfw.dll
0x000007fefb1b0000 - 0x000007fefb206000 	C:\Windows\system32\uxtheme.dll
0x000007fed7eb0000 - 0x000007fed7eec000 	C:\Windows\system32\dinput8.dll
0x00000000004d0000 - 0x00000000004ee000 	C:\Windows\system32\xinput1_3.dll
0x000007fefd720000 - 0x000007fefd8f7000 	C:\Windows\system32\SETUPAPI.dll
0x000007fefd060000 - 0x000007fefd096000 	C:\Windows\system32\CFGMGR32.dll
0x000007fefe8f0000 - 0x000007fefe9ca000 	C:\Windows\system32\OLEAUT32.dll
0x000007fefd180000 - 0x000007fefd19a000 	C:\Windows\system32\DEVOBJ.dll
0x000007fefb230000 - 0x000007fefb248000 	C:\Windows\system32\dwmapi.dll
0x000007fefb280000 - 0x000007fefb28b000 	C:\Windows\system32\HID.DLL
0x000007fefd3b0000 - 0x000007fefd3eb000 	C:\Windows\system32\WINTRUST.dll
0x000007fefd220000 - 0x000007fefd38d000 	C:\Windows\system32\CRYPT32.dll
0x000007fefd030000 - 0x000007fefd03f000 	C:\Windows\system32\MSASN1.dll
0x000007fee1f60000 - 0x000007fee207d000 	C:\Windows\system32\opengl32.dll
0x000007fee67c0000 - 0x000007fee67ed000 	C:\Windows\system32\GLU32.dll
0x000007fee1e00000 - 0x000007fee1ef1000 	C:\Windows\system32\DDRAW.dll
0x000007fee1f50000 - 0x000007fee1f58000 	C:\Windows\system32\DCIMAN32.dll
0x0000000068940000 - 0x000000006abfe000 	C:\Windows\system32\nvoglv64.DLL
0x000007fefc080000 - 0x000007fefc091000 	C:\Windows\system32\WTSAPI32.dll
0x000007fefbce0000 - 0x000007fefbd0d000 	C:\Windows\system32\ntmarta.dll
0x000007fefd3f0000 - 0x000007fefd442000 	C:\Windows\system32\WLDAP32.dll
0x000007fef6010000 - 0x000007fef61dc000 	C:\Windows\system32\nvspcap64.dll
0x000007fef83f0000 - 0x000007fef8461000 	C:\Windows\system32\WINHTTP.dll
0x000007fef8240000 - 0x000007fef82a5000 	C:\Windows\system32\webio.dll
0x000007fefc200000 - 0x000007fefc23d000 	C:\Windows\system32\WINSTA.dll
0x000007fefced0000 - 0x000007fefcedf000 	C:\Windows\system32\CRYPTBASE.dll
0x000007fed7e50000 - 0x000007fed7eac000 	C:\Users\mihalke\AppData\Local\Temp\lwjglmihalke\3.1.2-build-29\lwjgl_opengl.dll
0x000007fef8680000 - 0x000007fef87a5000 	C:\Windows\system32\dbghelp.dll

VM Arguments:
jvm_args: -javaagent:C:\Program Files\JetBrains\IntelliJ IDEA Community Edition 2017.2.1\lib\idea_rt.jar=56337:C:\Program Files\JetBrains\IntelliJ IDEA Community Edition 2017.2.1\bin -Dfile.encoding=UTF-8 
java_command: HelloWorld
java_class_path (initial): C:\Program Files\Java\jdk1.8.0_111\jre\lib\charsets.jar;C:\Program Files\Java\jdk1.8.0_111\jre\lib\deploy.jar;C:\Program Files\Java\jdk1.8.0_111\jre\lib\ext\access-bridge-64.jar;C:\Program Files\Java\jdk1.8.0_111\jre\lib\ext\cldrdata.jar;C:\Program Files\Java\jdk1.8.0_111\jre\lib\ext\dnsns.jar;C:\Program Files\Java\jdk1.8.0_111\jre\lib\ext\jaccess.jar;C:\Program Files\Java\jdk1.8.0_111\jre\lib\ext\jfxrt.jar;C:\Program Files\Java\jdk1.8.0_111\jre\lib\ext\localedata.jar;C:\Program Files\Java\jdk1.8.0_111\jre\lib\ext\nashorn.jar;C:\Program Files\Java\jdk1.8.0_111\jre\lib\ext\sunec.jar;C:\Program Files\Java\jdk1.8.0_111\jre\lib\ext\sunjce_provider.jar;C:\Program Files\Java\jdk1.8.0_111\jre\lib\ext\sunmscapi.jar;C:\Program Files\Java\jdk1.8.0_111\jre\lib\ext\sunpkcs11.jar;C:\Program Files\Java\jdk1.8.0_111\jre\lib\ext\zipfs.jar;C:\Program Files\Java\jdk1.8.0_111\jre\lib\javaws.jar;C:\Program Files\Java\jdk1.8.0_111\jre\lib\jce.jar;C:\Program Files\Java\jdk1.8.0_111\jre\lib\jfr.jar;C:\Program Files\Java\jdk1.8.0_111\jre\lib\jfxswt.jar;C:\Program Files\Java\jdk1.8.0_111\jre\lib\jsse.jar;C:\Program Files\Java\jdk1.8.0_111\jre\lib\management-agent.jar;C:\Program Files\Java\jdk1.8.0_111\jre\lib\plugin.jar;C:\Program Files\Java\jdk1.8.0_111\jre\lib\resources.jar;C:\Program Files\Java\jdk1.8.0_111\jre\lib\rt.jar;C:\Users\mihalke\IdeaProjects\HelloWorld\out\production\HelloWorld;C:\Users\mihalke\IdeaProjects\HelloWorld\libs\lwjgl.jar;C:\Users\mihalke\IdeaProjects\HelloWorld\libs\lwjgl-egl.jar;C:\Users\mihalke\IdeaProjects\HelloWorld\libs\lwjgl-nfd.jar;C:\Users\mihalke\IdeaProjects\HelloWorld\libs\lwjgl-ovr.jar;C:\Users\mihalke\IdeaProjects\HelloWorld\libs\lwjgl-par.jar;C:\Users\mihalke\IdeaProjects\HelloWorld\libs\lwjgl-sse.jar;C:\Users\mihalke\IdeaProjects\HelloWorld\libs\lwjgl-stb.jar;C:\Users\mihalke\IdeaProjects\HelloWorld\libs\lwjgl-bgfx.jar;C:\Users\mihalke\IdeaProjects\HelloWorld\libs\lwjgl-glfw.jar;C:\Users\mihalke\IdeaProjects\HelloWorld\lib
Launcher Type: SUN_STANDARD

Environment Variables:
PATH=C:\ProgramData\Oracle\Java\javapath;C:\Program Files (x86)\Intel\iCLS Client\;C:\Program Files\Intel\iCLS Client\;C:\Windows\system32;C:\Windows;C:\Windows\System32\Wbem;C:\Windows\System32\WindowsPowerShell\v1.0\;C:\Program Files\Intel\Intel(R) Management Engine Components\DAL;C:\Program Files\Intel\Intel(R) Management Engine Components\IPT;C:\Program Files (x86)\Intel\Intel(R) Management Engine Components\DAL;C:\Program Files (x86)\Intel\Intel(R) Management Engine Components\IPT;C:\Program Files (x86)\NVIDIA Corporation\PhysX\Common;C:\Program Files (x86)\GtkSharp\2.12\bin;C:\Program Files\nodejs\;C:\Program Files\WorldPainter;;c:\windows\system32
USERNAME=mihalke
OS=Windows_NT
PROCESSOR_IDENTIFIER=Intel64 Family 6 Model 60 Stepping 3, GenuineIntel



---------------  S Y S T E M  ---------------

OS: Windows 7 , 64 bit Build 7601 (6.1.7601.23915)

CPU:total 4 (4 cores per cpu, 1 threads per core) family 6 model 60 stepping 3, cmov, cx8, fxsr, mmx, sse, sse2, sse3, ssse3, sse4.1, sse4.2, popcnt, avx, avx2, aes, clmul, erms, rtm, lzcnt, tsc, tscinvbit, bmi1, bmi2

Memory: 4k page, physical 8286244k(1878080k free), swap 16570628k(8983140k free)

vm_info: Java HotSpot(TM) 64-Bit Server VM (25.111-b14) for windows-amd64 JRE (1.8.0_111-b14), built on Sep 22 2016 19:24:05 by "java_re" with MS VC++ 10.0 (VS2010)

time: Tue Dec 12 07:50:23 2017
elapsed time: 0 seconds (0d 0h 0m 0s)

