#
# A fatal error has been detected by the Java Runtime Environment:
#
#  EXCEPTION_ACCESS_VIOLATION (0xc0000005) at pc=0x0000000069e98240, pid=4952, tid=0x00000000000008ac
#
# JRE version: Java(TM) SE Runtime Environment (8.0_111-b14) (build 1.8.0_111-b14)
# Java VM: Java HotSpot(TM) 64-Bit Server VM (25.111-b14 mixed mode windows-amd64 compressed oops)
# Problematic frame:
# C  [nvoglv64.DLL+0x1028240]
#
# Failed to write core dump. Minidumps are not enabled by default on client versions of Windows
#
# If you would like to submit a bug report, please visit:
#   http://bugreport.java.com/bugreport/crash.jsp
# The crash happened outside the Java Virtual Machine in native code.
# See problematic frame for where to report the bug.
#

---------------  T H R E A D  ---------------

Current thread (0x00000000022ec000):  JavaThread "main" [_thread_in_native, id=2220, stack(0x0000000002650000,0x0000000002750000)]

siginfo: ExceptionCode=0xc0000005, reading address 0x0000000000000000

Registers:
RAX=0x0000000000000030, RBX=0x000000005c4113b8, RCX=0x000000005d34c0f4, RDX=0xffffffffa2cb3f0c
RSP=0x000000000274f288, RBP=0x0000000000000001, RSI=0x0000000000000003, RDI=0x000000005d34c0f4
R8 =0x0000000000000030, R9 =0x0000000000000003, R10=0x0000000000000000, R11=0x000000005d34c0f4
R12=0x0000000000000000, R13=0x0000000068e70000, R14=0x0000000000000000, R15=0x000000005c411138
RIP=0x0000000069e98240, EFLAGS=0x0000000000010283

Top of Stack: (sp=0x000000000274f288)
0x000000000274f288:   00000000699f026a 00000000575a97f8
0x000000000274f298:   000000000274f3d8 00000000022eb040
0x000000000274f2a8:   00000000698887ab 00000000022ec000
0x000000000274f2b8:   0000000000000003 0000000000000000
0x000000000274f2c8:   000000000002010b 000000005c411138
0x000000000274f2d8:   00000000699f1052 000000005c410080
0x000000000274f2e8:   0000000000000004 0000000000000000
0x000000000274f2f8:   0000000002a37de6 00000000022ec000
0x000000000274f308:   000000000274f3d8 00000000575a97f8
0x000000000274f318:   0000000000000000 0000000002a28331
0x000000000274f328:   0000000002a37f54 00000000575a97f8
0x000000000274f338:   000000000274f3a8 0000000000000108
0x000000000274f348:   00000000575a97f8 0000000000000003
0x000000000274f358:   00000000022ec000 0000000002a37c82
0x000000000274f368:   000000000274f368 00000000575a97f8
0x000000000274f378:   000000000274f3d8 0000000057576590 

Instructions: (pc=0x0000000069e98240)
0x0000000069e98220:   29 41 c0 0f 29 49 d0 0f 10 44 0a e0 0f 10 4c 0a
0x0000000069e98230:   f0 75 ad 0f 29 41 e0 49 83 e0 7f 0f 28 c1 eb 0c
0x0000000069e98240:   0f 10 04 0a 48 83 c1 10 49 83 e8 10 4d 8b c8 49
0x0000000069e98250:   c1 e9 04 74 1c 66 66 66 0f 1f 84 00 00 00 00 00 


Register to memory mapping:

RAX=0x0000000000000030 is an unknown value
RBX=0x000000005c4113b8 is an unknown value
RCX=0x000000005d34c0f4 is an unknown value
RDX=0xffffffffa2cb3f0c is an unknown value
RSP=0x000000000274f288 is pointing into the stack for thread: 0x00000000022ec000
RBP=0x0000000000000001 is an unknown value
RSI=0x0000000000000003 is an unknown value
RDI=0x000000005d34c0f4 is an unknown value
R8 =0x0000000000000030 is an unknown value
R9 =0x0000000000000003 is an unknown value
R10=0x0000000000000000 is an unknown value
R11=0x000000005d34c0f4 is an unknown value
R12=0x0000000000000000 is an unknown value
R13=0x0000000068e70000 is an unknown value
R14=0x0000000000000000 is an unknown value
R15=0x000000005c411138 is an unknown value


Stack: [0x0000000002650000,0x0000000002750000],  sp=0x000000000274f288,  free space=1020k
Native frames: (J=compiled Java code, j=interpreted, Vv=VM code, C=native code)
C  [nvoglv64.DLL+0x1028240]
C  [nvoglv64.DLL+0xb8026a]
C  [nvoglv64.DLL+0xb81052]
C  0x0000000002a37f54

Java frames: (J=compiled Java code, j=interpreted, Vv=VM code)
j  org.lwjgl.opengl.GL11.glDrawArrays(III)V+0
j  HelloWorld.loop()V+269
j  HelloWorld.run()V+37
j  HelloWorld.main([Ljava/lang/String;)V+7
v  ~StubRoutines::call_stub

---------------  P R O C E S S  ---------------

Java Threads: ( => current thread )
  0x0000000059134800 JavaThread "Service Thread" daemon [_thread_blocked, id=8380, stack(0x0000000059aa0000,0x0000000059ba0000)]
  0x00000000590ec000 JavaThread "C1 CompilerThread2" daemon [_thread_blocked, id=5012, stack(0x00000000598a0000,0x00000000599a0000)]
  0x00000000590a4800 JavaThread "C2 CompilerThread1" daemon [_thread_blocked, id=8024, stack(0x00000000596a0000,0x00000000597a0000)]
  0x00000000590a4000 JavaThread "C2 CompilerThread0" daemon [_thread_blocked, id=9344, stack(0x00000000587a0000,0x00000000588a0000)]
  0x00000000590aa000 JavaThread "Monitor Ctrl-Break" daemon [_thread_in_native, id=8576, stack(0x0000000058bb0000,0x0000000058cb0000)]
  0x0000000058e33800 JavaThread "Attach Listener" daemon [_thread_blocked, id=2160, stack(0x0000000059450000,0x0000000059550000)]
  0x00000000579a6800 JavaThread "Signal Dispatcher" daemon [_thread_blocked, id=7764, stack(0x00000000592c0000,0x00000000593c0000)]
  0x000000005798d800 JavaThread "Finalizer" daemon [_thread_blocked, id=7232, stack(0x0000000058d30000,0x0000000058e30000)]
  0x0000000057946800 JavaThread "Reference Handler" daemon [_thread_blocked, id=7820, stack(0x0000000058ab0000,0x0000000058bb0000)]
=>0x00000000022ec000 JavaThread "main" [_thread_in_native, id=2220, stack(0x0000000002650000,0x0000000002750000)]

Other Threads:
  0x000000005793f000 VMThread [stack: 0x00000000588c0000,0x00000000589c0000] [id=9976]
  0x00000000591c8000 WatcherThread [stack: 0x0000000059c30000,0x0000000059d30000] [id=8124]

VM state:not at safepoint (normal execution)

VM Mutex/Monitor currently owned by a thread: None

Heap:
 PSYoungGen      total 38400K, used 21158K [0x00000000d5d80000, 0x00000000d8800000, 0x0000000100000000)
  eden space 33280K, 63% used [0x00000000d5d80000,0x00000000d7229a00,0x00000000d7e00000)
  from space 5120K, 0% used [0x00000000d8300000,0x00000000d8300000,0x00000000d8800000)
  to   space 5120K, 0% used [0x00000000d7e00000,0x00000000d7e00000,0x00000000d8300000)
 ParOldGen       total 87552K, used 0K [0x0000000081800000, 0x0000000086d80000, 0x00000000d5d80000)
  object space 87552K, 0% used [0x0000000081800000,0x0000000081800000,0x0000000086d80000)
 Metaspace       used 9163K, capacity 9391K, committed 9728K, reserved 1058816K
  class space    used 834K, capacity 910K, committed 1024K, reserved 1048576K

Card table byte_map: [0x0000000011de0000,0x00000000121e0000] byte_map_base: 0x00000000119d4000

Marking Bits: (ParMarkBitMap*) 0x000000007038a6c0
 Begin Bits: [0x0000000012c70000, 0x0000000014c10000)
 End Bits:   [0x0000000014c10000, 0x0000000016bb0000)

Polling page: 0x0000000000230000

CodeCache: size=245760Kb used=2823Kb max_used=2823Kb free=242936Kb
 bounds [0x0000000002a20000, 0x0000000002cf0000, 0x0000000011a20000]
 total_blobs=1499 nmethods=667 adapters=745
 compilation: enabled

Compilation events (10 events):
Event: 0.742 Thread 0x00000000590ec000 nmethod 665 0x0000000002cd7190 code [0x0000000002cd7300, 0x0000000002cd7508]
Event: 0.742 Thread 0x00000000590ec000  652       3       sun.reflect.UnsafeFieldAccessorFactory::newFieldAccessor (676 bytes)
Event: 0.743 Thread 0x00000000590a4800  667       4       java.lang.reflect.Modifier::isStatic (13 bytes)
Event: 0.743 Thread 0x00000000590a4000 nmethod 640 0x0000000002cd75d0 code [0x0000000002cd7700, 0x0000000002cd7778]
Event: 0.743 Thread 0x00000000590ec000 nmethod 652 0x0000000002cd7810 code [0x0000000002cd7e00, 0x0000000002cdaad8]
Event: 0.743 Thread 0x00000000590a4800 nmethod 667 0x0000000002cdc2d0 code [0x0000000002cdc400, 0x0000000002cdc458]
Event: 0.743 Thread 0x00000000590ec000  660       3       sun.reflect.UnsafeQualifiedLongFieldAccessorImpl::getLong (17 bytes)
Event: 0.744 Thread 0x00000000590ec000 nmethod 660 0x0000000002cd5890 code [0x0000000002cd5a60, 0x0000000002cd6498]
Event: 0.744 Thread 0x00000000590ec000  661       3       sun.reflect.UnsafeFieldAccessorImpl::ensureObj (23 bytes)
Event: 0.744 Thread 0x00000000590ec000 nmethod 661 0x0000000002cd4a90 code [0x0000000002cd4c60, 0x0000000002cd5578]

GC Heap History (0 events):
No events

Deoptimization events (0 events):
No events

Internal exceptions (10 events):
Event: 0.135 Thread 0x00000000022ec000 Exception <a 'java/io/FileNotFoundException'> (0x00000000d60643d8) thrown at [C:\re\workspace\8-2-build-windows-amd64-cygwin\jdk8u111\7883\hotspot\src\share\vm\prims\jni.cpp, line 709]
Event: 0.163 Thread 0x00000000022ec000 Exception <a 'java/lang/NoSuchMethodError': java.lang.Object.lambda$static$0(Ljava/lang/String;)Ljava/lang/Boolean;> (0x00000000d62b3478) thrown at [C:\re\workspace\8-2-build-windows-amd64-cygwin\jdk8u111\7883\hotspot\src\share\vm\interpreter\linkResolver
Event: 0.173 Thread 0x00000000022ec000 Exception <a 'java/lang/NoSuchFieldError': method resolution failed> (0x00000000d6335908) thrown at [C:\re\workspace\8-2-build-windows-amd64-cygwin\jdk8u111\7883\hotspot\src\share\vm\prims\methodHandles.cpp, line 1146]
Event: 0.174 Thread 0x00000000022ec000 Exception <a 'java/lang/NoSuchFieldError': method resolution failed> (0x00000000d63434f8) thrown at [C:\re\workspace\8-2-build-windows-amd64-cygwin\jdk8u111\7883\hotspot\src\share\vm\prims\methodHandles.cpp, line 1146]
Event: 0.189 Thread 0x00000000022ec000 Exception <a 'java/security/PrivilegedActionException'> (0x00000000d63f68d8) thrown at [C:\re\workspace\8-2-build-windows-amd64-cygwin\jdk8u111\7883\hotspot\src\share\vm\prims\jvm.cpp, line 1386]
Event: 0.189 Thread 0x00000000022ec000 Exception <a 'java/security/PrivilegedActionException'> (0x00000000d63f6ae8) thrown at [C:\re\workspace\8-2-build-windows-amd64-cygwin\jdk8u111\7883\hotspot\src\share\vm\prims\jvm.cpp, line 1386]
Event: 0.190 Thread 0x00000000022ec000 Exception <a 'java/security/PrivilegedActionException'> (0x00000000d63fa9d0) thrown at [C:\re\workspace\8-2-build-windows-amd64-cygwin\jdk8u111\7883\hotspot\src\share\vm\prims\jvm.cpp, line 1386]
Event: 0.190 Thread 0x00000000022ec000 Exception <a 'java/security/PrivilegedActionException'> (0x00000000d63fabe0) thrown at [C:\re\workspace\8-2-build-windows-amd64-cygwin\jdk8u111\7883\hotspot\src\share\vm\prims\jvm.cpp, line 1386]
Event: 0.517 Thread 0x00000000022ec000 Exception <a 'sun/nio/fs/WindowsException'> (0x00000000d67f2fe8) thrown at [C:\re\workspace\8-2-build-windows-amd64-cygwin\jdk8u111\7883\hotspot\src\share\vm\prims\jni.cpp, line 709]
Event: 0.517 Thread 0x00000000022ec000 Exception <a 'sun/nio/fs/WindowsException'> (0x00000000d67f4a10) thrown at [C:\re\workspace\8-2-build-windows-amd64-cygwin\jdk8u111\7883\hotspot\src\share\vm\prims\jni.cpp, line 709]

Events (10 events):
Event: 0.738 loading class java/util/stream/ReduceOps$Box done
Event: 0.738 loading class java/util/stream/ReduceOps$3ReducingSink done
Event: 0.739 loading class java/util/stream/ReferencePipeline$2$1
Event: 0.739 loading class java/util/stream/Sink$ChainedReference
Event: 0.739 loading class java/util/stream/Sink$ChainedReference done
Event: 0.739 loading class java/util/stream/ReferencePipeline$2$1 done
Event: 0.739 loading class sun/reflect/UnsafeQualifiedLongFieldAccessorImpl
Event: 0.739 loading class sun/reflect/UnsafeQualifiedFieldAccessorImpl
Event: 0.739 loading class sun/reflect/UnsafeQualifiedFieldAccessorImpl done
Event: 0.739 loading class sun/reflect/UnsafeQualifiedLongFieldAccessorImpl done


Dynamic libraries:
0x000000013f0c0000 - 0x000000013f0f7000 	C:\Program Files\Java\jdk1.8.0_111\bin\java.exe
0x0000000077340000 - 0x00000000774ea000 	C:\Windows\SYSTEM32\ntdll.dll
0x0000000077220000 - 0x000000007733f000 	C:\Windows\system32\kernel32.dll
0x000007fefd1a0000 - 0x000007fefd20a000 	C:\Windows\system32\KERNELBASE.dll
0x000007fefd570000 - 0x000007fefd64b000 	C:\Windows\system32\ADVAPI32.dll
0x000007feff000000 - 0x000007feff09f000 	C:\Windows\system32\msvcrt.dll
0x000007feff2a0000 - 0x000007feff2bf000 	C:\Windows\SYSTEM32\sechost.dll
0x000007fefda30000 - 0x000007fefdb5d000 	C:\Windows\system32\RPCRT4.dll
0x0000000077120000 - 0x000000007721a000 	C:\Windows\system32\USER32.dll
0x000007fefd450000 - 0x000007fefd4b7000 	C:\Windows\system32\GDI32.dll
0x000007feff640000 - 0x000007feff64e000 	C:\Windows\system32\LPK.dll
0x000007fefd650000 - 0x000007fefd71b000 	C:\Windows\system32\USP10.dll
0x000007fefb650000 - 0x000007fefb844000 	C:\Windows\WinSxS\amd64_microsoft.windows.common-controls_6595b64144ccf1df_6.0.7601.18837_none_fa3b1e3d17594757\COMCTL32.dll
0x000007fefed00000 - 0x000007fefed71000 	C:\Windows\system32\SHLWAPI.dll
0x000007fefd4c0000 - 0x000007fefd4ee000 	C:\Windows\system32\IMM32.DLL
0x000007fefd900000 - 0x000007fefda09000 	C:\Windows\system32\MSCTF.dll
0x000000006c6c0000 - 0x000000006c792000 	C:\Program Files\Java\jdk1.8.0_111\jre\bin\msvcr100.dll
0x000000006fb70000 - 0x000000007040a000 	C:\Program Files\Java\jdk1.8.0_111\jre\bin\server\jvm.dll
0x000007fefa0c0000 - 0x000007fefa0c9000 	C:\Windows\system32\WSOCK32.dll
0x000007fefed80000 - 0x000007fefedcd000 	C:\Windows\system32\WS2_32.dll
0x000007feff2c0000 - 0x000007feff2c8000 	C:\Windows\system32\NSI.dll
0x000007fefab00000 - 0x000007fefab3b000 	C:\Windows\system32\WINMM.dll
0x000007fefbe90000 - 0x000007fefbe9c000 	C:\Windows\system32\VERSION.dll
0x0000000077500000 - 0x0000000077507000 	C:\Windows\system32\PSAPI.DLL
0x000000006c6b0000 - 0x000000006c6bf000 	C:\Program Files\Java\jdk1.8.0_111\jre\bin\verify.dll
0x000000006c680000 - 0x000000006c6a9000 	C:\Program Files\Java\jdk1.8.0_111\jre\bin\java.dll
0x000000006c630000 - 0x000000006c653000 	C:\Program Files\Java\jdk1.8.0_111\jre\bin\instrument.dll
0x000000006c660000 - 0x000000006c676000 	C:\Program Files\Java\jdk1.8.0_111\jre\bin\zip.dll
0x000007fefdb60000 - 0x000007fefe8ea000 	C:\Windows\system32\SHELL32.dll
0x000007feff0a0000 - 0x000007feff29c000 	C:\Windows\system32\ole32.dll
0x000007fefd040000 - 0x000007fefd04f000 	C:\Windows\system32\profapi.dll
0x000007fef9c70000 - 0x000007fef9c8a000 	C:\Program Files\JetBrains\IntelliJ IDEA Community Edition 2017.2.1\bin\breakgen64.dll
0x000000006c610000 - 0x000000006c62a000 	C:\Program Files\Java\jdk1.8.0_111\jre\bin\net.dll
0x000007fefc800000 - 0x000007fefc855000 	C:\Windows\system32\mswsock.dll
0x000007fefc7f0000 - 0x000007fefc7f7000 	C:\Windows\System32\wship6.dll
0x000000006bc10000 - 0x000000006bc21000 	C:\Program Files\Java\jdk1.8.0_111\jre\bin\nio.dll
0x000007fee0950000 - 0x000007fee09a7000 	C:\Users\mihalke\AppData\Local\Temp\lwjglmihalke\3.1.2-build-29\lwjgl.dll
0x000007fefbf00000 - 0x000007fefbf03000 	C:\Windows\system32\api-ms-win-core-synch-l1-2-0.DLL
0x000007fed7ef0000 - 0x000007fed7f2c000 	C:\Users\mihalke\AppData\Local\Temp\lwjglmihalke\3.1.2-build-29\jemalloc.dll
0x000007fed7f30000 - 0x000007fed7f6d000 	C:\Users\mihalke\AppData\Local\Temp\lwjglmihalke\3.1.2-build-29\glfw.dll
0x000007fefb1b0000 - 0x000007fefb206000 	C:\Windows\system32\uxtheme.dll
0x000007fed7e70000 - 0x000007fed7eac000 	C:\Windows\system32\dinput8.dll
0x0000000000400000 - 0x000000000041e000 	C:\Windows\system32\xinput1_3.dll
0x000007fefd720000 - 0x000007fefd8f7000 	C:\Windows\system32\SETUPAPI.dll
0x000007fefd060000 - 0x000007fefd096000 	C:\Windows\system32\CFGMGR32.dll
0x000007fefe8f0000 - 0x000007fefe9ca000 	C:\Windows\system32\OLEAUT32.dll
0x000007fefd180000 - 0x000007fefd19a000 	C:\Windows\system32\DEVOBJ.dll
0x000007fefb230000 - 0x000007fefb248000 	C:\Windows\system32\dwmapi.dll
0x000007fefb280000 - 0x000007fefb28b000 	C:\Windows\system32\HID.DLL
0x000007fefd3b0000 - 0x000007fefd3eb000 	C:\Windows\system32\WINTRUST.dll
0x000007fefd220000 - 0x000007fefd38d000 	C:\Windows\system32\CRYPT32.dll
0x000007fefd030000 - 0x000007fefd03f000 	C:\Windows\system32\MSASN1.dll
0x000007fee1f60000 - 0x000007fee207d000 	C:\Windows\system32\opengl32.dll
0x000007fee67c0000 - 0x000007fee67ed000 	C:\Windows\system32\GLU32.dll
0x000007fee1e00000 - 0x000007fee1ef1000 	C:\Windows\system32\DDRAW.dll
0x000007fee1f50000 - 0x000007fee1f58000 	C:\Windows\system32\DCIMAN32.dll
0x0000000068e70000 - 0x000000006b12e000 	C:\Windows\system32\nvoglv64.DLL
0x000007fefc080000 - 0x000007fefc091000 	C:\Windows\system32\WTSAPI32.dll
0x000007fefbce0000 - 0x000007fefbd0d000 	C:\Windows\system32\ntmarta.dll
0x000007fefd3f0000 - 0x000007fefd442000 	C:\Windows\system32\WLDAP32.dll
0x000007fef6010000 - 0x000007fef61dc000 	C:\Windows\system32\nvspcap64.dll
0x000007fef83f0000 - 0x000007fef8461000 	C:\Windows\system32\WINHTTP.dll
0x000007fef8240000 - 0x000007fef82a5000 	C:\Windows\system32\webio.dll
0x000007fefc200000 - 0x000007fefc23d000 	C:\Windows\system32\WINSTA.dll
0x000007fefced0000 - 0x000007fefcedf000 	C:\Windows\system32\CRYPTBASE.dll
0x000007fed7e10000 - 0x000007fed7e6c000 	C:\Users\mihalke\AppData\Local\Temp\lwjglmihalke\3.1.2-build-29\lwjgl_opengl.dll
0x000007fef8680000 - 0x000007fef87a5000 	C:\Windows\system32\dbghelp.dll

VM Arguments:
jvm_args: -javaagent:C:\Program Files\JetBrains\IntelliJ IDEA Community Edition 2017.2.1\lib\idea_rt.jar=56332:C:\Program Files\JetBrains\IntelliJ IDEA Community Edition 2017.2.1\bin -Dfile.encoding=UTF-8 
java_command: HelloWorld
java_class_path (initial): C:\Program Files\Java\jdk1.8.0_111\jre\lib\charsets.jar;C:\Program Files\Java\jdk1.8.0_111\jre\lib\deploy.jar;C:\Program Files\Java\jdk1.8.0_111\jre\lib\ext\access-bridge-64.jar;C:\Program Files\Java\jdk1.8.0_111\jre\lib\ext\cldrdata.jar;C:\Program Files\Java\jdk1.8.0_111\jre\lib\ext\dnsns.jar;C:\Program Files\Java\jdk1.8.0_111\jre\lib\ext\jaccess.jar;C:\Program Files\Java\jdk1.8.0_111\jre\lib\ext\jfxrt.jar;C:\Program Files\Java\jdk1.8.0_111\jre\lib\ext\localedata.jar;C:\Program Files\Java\jdk1.8.0_111\jre\lib\ext\nashorn.jar;C:\Program Files\Java\jdk1.8.0_111\jre\lib\ext\sunec.jar;C:\Program Files\Java\jdk1.8.0_111\jre\lib\ext\sunjce_provider.jar;C:\Program Files\Java\jdk1.8.0_111\jre\lib\ext\sunmscapi.jar;C:\Program Files\Java\jdk1.8.0_111\jre\lib\ext\sunpkcs11.jar;C:\Program Files\Java\jdk1.8.0_111\jre\lib\ext\zipfs.jar;C:\Program Files\Java\jdk1.8.0_111\jre\lib\javaws.jar;C:\Program Files\Java\jdk1.8.0_111\jre\lib\jce.jar;C:\Program Files\Java\jdk1.8.0_111\jre\lib\jfr.jar;C:\Program Files\Java\jdk1.8.0_111\jre\lib\jfxswt.jar;C:\Program Files\Java\jdk1.8.0_111\jre\lib\jsse.jar;C:\Program Files\Java\jdk1.8.0_111\jre\lib\management-agent.jar;C:\Program Files\Java\jdk1.8.0_111\jre\lib\plugin.jar;C:\Program Files\Java\jdk1.8.0_111\jre\lib\resources.jar;C:\Program Files\Java\jdk1.8.0_111\jre\lib\rt.jar;C:\Users\mihalke\IdeaProjects\HelloWorld\out\production\HelloWorld;C:\Users\mihalke\IdeaProjects\HelloWorld\libs\lwjgl.jar;C:\Users\mihalke\IdeaProjects\HelloWorld\libs\lwjgl-egl.jar;C:\Users\mihalke\IdeaProjects\HelloWorld\libs\lwjgl-nfd.jar;C:\Users\mihalke\IdeaProjects\HelloWorld\libs\lwjgl-ovr.jar;C:\Users\mihalke\IdeaProjects\HelloWorld\libs\lwjgl-par.jar;C:\Users\mihalke\IdeaProjects\HelloWorld\libs\lwjgl-sse.jar;C:\Users\mihalke\IdeaProjects\HelloWorld\libs\lwjgl-stb.jar;C:\Users\mihalke\IdeaProjects\HelloWorld\libs\lwjgl-bgfx.jar;C:\Users\mihalke\IdeaProjects\HelloWorld\libs\lwjgl-glfw.jar;C:\Users\mihalke\IdeaProjects\HelloWorld\lib
Launcher Type: SUN_STANDARD

Environment Variables:
PATH=C:\ProgramData\Oracle\Java\javapath;C:\Program Files (x86)\Intel\iCLS Client\;C:\Program Files\Intel\iCLS Client\;C:\Windows\system32;C:\Windows;C:\Windows\System32\Wbem;C:\Windows\System32\WindowsPowerShell\v1.0\;C:\Program Files\Intel\Intel(R) Management Engine Components\DAL;C:\Program Files\Intel\Intel(R) Management Engine Components\IPT;C:\Program Files (x86)\Intel\Intel(R) Management Engine Components\DAL;C:\Program Files (x86)\Intel\Intel(R) Management Engine Components\IPT;C:\Program Files (x86)\NVIDIA Corporation\PhysX\Common;C:\Program Files (x86)\GtkSharp\2.12\bin;C:\Program Files\nodejs\;C:\Program Files\WorldPainter;;c:\windows\system32
USERNAME=mihalke
OS=Windows_NT
PROCESSOR_IDENTIFIER=Intel64 Family 6 Model 60 Stepping 3, GenuineIntel



---------------  S Y S T E M  ---------------

OS: Windows 7 , 64 bit Build 7601 (6.1.7601.23915)

CPU:total 4 (4 cores per cpu, 1 threads per core) family 6 model 60 stepping 3, cmov, cx8, fxsr, mmx, sse, sse2, sse3, ssse3, sse4.1, sse4.2, popcnt, avx, avx2, aes, clmul, erms, rtm, lzcnt, tsc, tscinvbit, bmi1, bmi2

Memory: 4k page, physical 8286244k(1887752k free), swap 16570628k(8980676k free)

vm_info: Java HotSpot(TM) 64-Bit Server VM (25.111-b14) for windows-amd64 JRE (1.8.0_111-b14), built on Sep 22 2016 19:24:05 by "java_re" with MS VC++ 10.0 (VS2010)

time: Tue Dec 12 07:49:57 2017
elapsed time: 0 seconds (0d 0h 0m 0s)

